{"/home/dracks/Documents/devel/mr-scrooge/src/server/bank-transaction/bank-transaction.module.ts": {"path":"/home/dracks/Documents/devel/mr-scrooge/src/server/bank-transaction/bank-transaction.module.ts","statementMap":{"0":{"start":{"line":1,"column":0},"end":{"line":1,"column":40}},"1":{"start":{"line":2,"column":0},"end":{"line":2,"column":52}},"2":{"start":{"line":4,"column":0},"end":{"line":4,"column":70}},"3":{"start":{"line":5,"column":0},"end":{"line":5,"column":68}},"4":{"start":{"line":6,"column":0},"end":{"line":6,"column":66}},"5":{"start":{"line":13,"column":7},"end":{"line":13,"column":null}},"6":{"start":{"line":13,"column":13},"end":{"line":13,"column":null}},"7":{"start":{"line":13,"column":13},"end":{"line":13,"column":31}}},"fnMap":{},"branchMap":{},"s":{"0":1,"1":1,"2":1,"3":1,"4":1,"5":1,"6":1,"7":1},"f":{},"b":{}}
,"/home/dracks/Documents/devel/mr-scrooge/src/server/bank-transaction/bank-transaction.resolver.ts": {"path":"/home/dracks/Documents/devel/mr-scrooge/src/server/bank-transaction/bank-transaction.resolver.ts","statementMap":{"0":{"start":{"line":1,"column":0},"end":{"line":1,"column":40}},"1":{"start":{"line":2,"column":0},"end":{"line":2,"column":89}},"2":{"start":{"line":4,"column":0},"end":{"line":4,"column":60}},"3":{"start":{"line":5,"column":0},"end":{"line":5,"column":66}},"4":{"start":{"line":6,"column":0},"end":{"line":6,"column":68}},"5":{"start":{"line":7,"column":0},"end":{"line":7,"column":73}},"6":{"start":{"line":10,"column":7},"end":{"line":16,"column":null}},"7":{"start":{"line":11,"column":4},"end":{"line":12,"column":null}},"8":{"start":{"line":11,"column":17},"end":{"line":11,"column":34}},"9":{"start":{"line":14,"column":4},"end":{"line":15,"column":null}},"10":{"start":{"line":14,"column":17},"end":{"line":14,"column":23}},"11":{"start":{"line":10,"column":13},"end":{"line":16,"column":null}},"12":{"start":{"line":10,"column":13},"end":{"line":10,"column":40}},"13":{"start":{"line":19,"column":36},"end":{"line":40,"column":null}},"14":{"start":{"line":22,"column":25},"end":{"line":22,"column":46}},"15":{"start":{"line":20,"column":21},"end":{"line":20,"column":71}},"16":{"start":{"line":30,"column":44},"end":{"line":30,"column":109}},"17":{"start":{"line":31,"column":8},"end":{"line":38,"column":10}},"18":{"start":{"line":32,"column":52},"end":{"line":35,"column":null}},"19":{"start":{"line":25,"column":10},"end":{"line":39,"column":null}},"20":{"start":{"line":24,"column":17},"end":{"line":24,"column":44}},"21":{"start":{"line":28,"column":53},"end":{"line":28,"column":56}},"22":{"start":{"line":19,"column":13},"end":{"line":40,"column":null}},"23":{"start":{"line":18,"column":16},"end":{"line":18,"column":31}},"24":{"start":{"line":19,"column":13},"end":{"line":19,"column":36}}},"fnMap":{"0":{"name":"(anonymous_11)","decl":{"start":{"line":11,"column":11},"end":{"line":11,"column":14}},"loc":{"start":{"line":11,"column":17},"end":{"line":11,"column":34}}},"1":{"name":"(anonymous_12)","decl":{"start":{"line":14,"column":11},"end":{"line":14,"column":14}},"loc":{"start":{"line":14,"column":17},"end":{"line":14,"column":23}}},"2":{"name":"(anonymous_13)","decl":{"start":{"line":22,"column":4},"end":{"line":22,"column":25}},"loc":{"start":{"line":22,"column":68},"end":{"line":22,"column":72}}},"3":{"name":"(anonymous_14)","decl":{"start":{"line":25,"column":10},"end":{"line":25,"column":25}},"loc":{"start":{"line":28,"column":74},"end":{"line":39,"column":null}}},"4":{"name":"(anonymous_16)","decl":{"start":{"line":32,"column":40},"end":{"line":32,"column":48}},"loc":{"start":{"line":32,"column":52},"end":{"line":35,"column":null}}},"5":{"name":"(anonymous_17)","decl":{"start":{"line":24,"column":11},"end":{"line":24,"column":14}},"loc":{"start":{"line":24,"column":17},"end":{"line":24,"column":44}}},"6":{"name":"(anonymous_18)","decl":{"start":{"line":28,"column":47},"end":{"line":28,"column":50}},"loc":{"start":{"line":28,"column":53},"end":{"line":28,"column":56}}},"7":{"name":"(anonymous_19)","decl":{"start":{"line":18,"column":10},"end":{"line":18,"column":13}},"loc":{"start":{"line":18,"column":16},"end":{"line":18,"column":31}}}},"branchMap":{"0":{"loc":{"start":{"line":35,"column":27},"end":{"line":35,"column":92}},"type":"cond-expr","locations":[{"start":{"line":35,"column":48},"end":{"line":35,"column":80}},{"start":{"line":35,"column":83},"end":{"line":35,"column":92}}]}},"s":{"0":1,"1":1,"2":1,"3":1,"4":1,"5":1,"6":1,"7":1,"8":6,"9":1,"10":6,"11":1,"12":1,"13":1,"14":3,"15":3,"16":2,"17":2,"18":8,"19":1,"20":6,"21":3,"22":1,"23":2,"24":1},"f":{"0":6,"1":6,"2":3,"3":2,"4":8,"5":6,"6":3,"7":2},"b":{"0":[0,8]}}
,"/home/dracks/Documents/devel/mr-scrooge/src/server/bank-transaction/bank-transaction.service.ts": {"path":"/home/dracks/Documents/devel/mr-scrooge/src/server/bank-transaction/bank-transaction.service.ts","statementMap":{"0":{"start":{"line":1,"column":0},"end":{"line":1,"column":52}},"1":{"start":{"line":2,"column":0},"end":{"line":2,"column":48}},"2":{"start":{"line":3,"column":0},"end":{"line":3,"column":67}},"3":{"start":{"line":6,"column":0},"end":{"line":6,"column":73}},"4":{"start":{"line":7,"column":0},"end":{"line":7,"column":51}},"5":{"start":{"line":8,"column":0},"end":{"line":8,"column":84}},"6":{"start":{"line":11,"column":35},"end":{"line":70,"column":null}},"7":{"start":{"line":16,"column":63},"end":{"line":16,"column":104}},"8":{"start":{"line":12,"column":21},"end":{"line":12,"column":70}},"9":{"start":{"line":14,"column":21},"end":{"line":14,"column":103}},"10":{"start":{"line":19,"column":64},"end":{"line":19,"column":88}},"11":{"start":{"line":21,"column":8},"end":{"line":36,"column":null}},"12":{"start":{"line":22,"column":35},"end":{"line":22,"column":37}},"13":{"start":{"line":23,"column":31},"end":{"line":23,"column":63}},"14":{"start":{"line":24,"column":12},"end":{"line":29,"column":15}},"15":{"start":{"line":30,"column":12},"end":{"line":34,"column":15}},"16":{"start":{"line":35,"column":12},"end":{"line":35,"column":65}},"17":{"start":{"line":38,"column":12},"end":{"line":38,"column":84}},"18":{"start":{"line":40,"column":25},"end":{"line":47,"column":10}},"19":{"start":{"line":48,"column":30},"end":{"line":48,"column":104}},"20":{"start":{"line":50,"column":8},"end":{"line":53,"column":10}},"21":{"start":{"line":51,"column":43},"end":{"line":51,"column":62}},"22":{"start":{"line":57,"column":8},"end":{"line":63,"column":11}},"23":{"start":{"line":60,"column":16},"end":{"line":60,"column":41}},"24":{"start":{"line":67,"column":21},"end":{"line":67,"column":69}},"25":{"start":{"line":68,"column":8},"end":{"line":68,"column":31}},"26":{"start":{"line":11,"column":13},"end":{"line":70,"column":null}},"27":{"start":{"line":11,"column":13},"end":{"line":11,"column":35}}},"fnMap":{"0":{"name":"(anonymous_17)","decl":{"start":{"line":16,"column":4},"end":{"line":16,"column":17}},"loc":{"start":{"line":16,"column":104},"end":{"line":16,"column":108}}},"1":{"name":"(anonymous_18)","decl":{"start":{"line":18,"column":10},"end":{"line":18,"column":16}},"loc":{"start":{"line":18,"column":77},"end":{"line":54,"column":null}}},"2":{"name":"(anonymous_20)","decl":{"start":{"line":51,"column":31},"end":{"line":51,"column":39}},"loc":{"start":{"line":51,"column":43},"end":{"line":51,"column":62}}},"3":{"name":"(anonymous_21)","decl":{"start":{"line":56,"column":10},"end":{"line":56,"column":21}},"loc":{"start":{"line":56,"column":75},"end":{"line":64,"column":null}}},"4":{"name":"(anonymous_23)","decl":{"start":{"line":58,"column":21},"end":{"line":58,"column":22}},"loc":{"start":{"line":58,"column":37},"end":{"line":61,"column":13}}},"5":{"name":"(anonymous_24)","decl":{"start":{"line":66,"column":10},"end":{"line":66,"column":24}},"loc":{"start":{"line":66,"column":90},"end":{"line":69,"column":null}}}},"branchMap":{"0":{"loc":{"start":{"line":18,"column":54},"end":{"line":18,"column":65}},"type":"default-arg","locations":[{"start":{"line":18,"column":62},"end":{"line":18,"column":65}}]},"1":{"loc":{"start":{"line":21,"column":8},"end":{"line":36,"column":null}},"type":"if","locations":[{"start":{"line":21,"column":8},"end":{"line":36,"column":null}}]},"2":{"loc":{"start":{"line":38,"column":12},"end":{"line":38,"column":84}},"type":"cond-expr","locations":[{"start":{"line":38,"column":40},"end":{"line":38,"column":72}},{"start":{"line":38,"column":75},"end":{"line":38,"column":84}}]},"3":{"loc":{"start":{"line":48,"column":30},"end":{"line":48,"column":104}},"type":"cond-expr","locations":[{"start":{"line":48,"column":52},"end":{"line":48,"column":92}},{"start":{"line":48,"column":95},"end":{"line":48,"column":104}}]},"4":{"loc":{"start":{"line":52,"column":20},"end":{"line":52,"column":91}},"type":"cond-expr","locations":[{"start":{"line":52,"column":36},"end":{"line":52,"column":79}},{"start":{"line":52,"column":82},"end":{"line":52,"column":91}}]}},"s":{"0":1,"1":1,"2":1,"3":1,"4":1,"5":1,"6":1,"7":3,"8":3,"9":3,"10":2,"11":2,"12":1,"13":1,"14":1,"15":1,"16":1,"17":2,"18":2,"19":2,"20":2,"21":8,"22":2,"23":2,"24":0,"25":0,"26":1,"27":1},"f":{"0":3,"1":2,"2":8,"3":2,"4":2,"5":0},"b":{"0":[0],"1":[1],"2":[2,0],"3":[2,0],"4":[2,0]}}
,"/home/dracks/Documents/devel/mr-scrooge/src/server/bank-transaction/gql-objects/bank-transaction.objects.ts": {"path":"/home/dracks/Documents/devel/mr-scrooge/src/server/bank-transaction/gql-objects/bank-transaction.objects.ts","statementMap":{"0":{"start":{"line":1,"column":0},"end":{"line":1,"column":84}},"1":{"start":{"line":3,"column":0},"end":{"line":3,"column":63}},"2":{"start":{"line":4,"column":0},"end":{"line":4,"column":70}},"3":{"start":{"line":8,"column":7},"end":{"line":32,"column":null}},"4":{"start":{"line":9,"column":4},"end":{"line":10,"column":null}},"5":{"start":{"line":9,"column":17},"end":{"line":9,"column":20}},"6":{"start":{"line":12,"column":4},"end":{"line":13,"column":null}},"7":{"start":{"line":12,"column":17},"end":{"line":12,"column":23}},"8":{"start":{"line":15,"column":4},"end":{"line":16,"column":null}},"9":{"start":{"line":15,"column":17},"end":{"line":15,"column":28}},"10":{"start":{"line":18,"column":4},"end":{"line":19,"column":null}},"11":{"start":{"line":18,"column":17},"end":{"line":18,"column":28}},"12":{"start":{"line":21,"column":4},"end":{"line":22,"column":null}},"13":{"start":{"line":21,"column":17},"end":{"line":21,"column":23}},"14":{"start":{"line":24,"column":4},"end":{"line":25,"column":null}},"15":{"start":{"line":24,"column":17},"end":{"line":24,"column":22}},"16":{"start":{"line":27,"column":4},"end":{"line":28,"column":null}},"17":{"start":{"line":27,"column":17},"end":{"line":27,"column":23}},"18":{"start":{"line":30,"column":4},"end":{"line":31,"column":null}},"19":{"start":{"line":30,"column":17},"end":{"line":30,"column":23}},"20":{"start":{"line":8,"column":13},"end":{"line":32,"column":null}},"21":{"start":{"line":8,"column":13},"end":{"line":8,"column":28}}},"fnMap":{"0":{"name":"(anonymous_2)","decl":{"start":{"line":9,"column":11},"end":{"line":9,"column":14}},"loc":{"start":{"line":9,"column":17},"end":{"line":9,"column":20}}},"1":{"name":"(anonymous_3)","decl":{"start":{"line":12,"column":11},"end":{"line":12,"column":14}},"loc":{"start":{"line":12,"column":17},"end":{"line":12,"column":23}}},"2":{"name":"(anonymous_4)","decl":{"start":{"line":15,"column":11},"end":{"line":15,"column":14}},"loc":{"start":{"line":15,"column":17},"end":{"line":15,"column":28}}},"3":{"name":"(anonymous_5)","decl":{"start":{"line":18,"column":11},"end":{"line":18,"column":14}},"loc":{"start":{"line":18,"column":17},"end":{"line":18,"column":28}}},"4":{"name":"(anonymous_6)","decl":{"start":{"line":21,"column":11},"end":{"line":21,"column":14}},"loc":{"start":{"line":21,"column":17},"end":{"line":21,"column":23}}},"5":{"name":"(anonymous_7)","decl":{"start":{"line":24,"column":11},"end":{"line":24,"column":14}},"loc":{"start":{"line":24,"column":17},"end":{"line":24,"column":22}}},"6":{"name":"(anonymous_8)","decl":{"start":{"line":27,"column":11},"end":{"line":27,"column":14}},"loc":{"start":{"line":27,"column":17},"end":{"line":27,"column":23}}},"7":{"name":"(anonymous_9)","decl":{"start":{"line":30,"column":11},"end":{"line":30,"column":14}},"loc":{"start":{"line":30,"column":17},"end":{"line":30,"column":23}}}},"branchMap":{},"s":{"0":1,"1":1,"2":1,"3":1,"4":1,"5":6,"6":1,"7":6,"8":1,"9":6,"10":1,"11":6,"12":1,"13":6,"14":1,"15":6,"16":1,"17":6,"18":1,"19":6,"20":1,"21":1},"f":{"0":6,"1":6,"2":6,"3":6,"4":6,"5":6,"6":6,"7":6},"b":{}}
,"/home/dracks/Documents/devel/mr-scrooge/src/server/bank-transaction/models/bank-transaction.model.ts": {"path":"/home/dracks/Documents/devel/mr-scrooge/src/server/bank-transaction/models/bank-transaction.model.ts","statementMap":{"0":{"start":{"line":2,"column":0},"end":{"line":2,"column":null}},"1":{"start":{"line":14,"column":0},"end":{"line":14,"column":66}},"2":{"start":{"line":21,"column":7},"end":{"line":84,"column":null}},"3":{"start":{"line":22,"column":4},"end":{"line":27,"column":null}},"4":{"start":{"line":29,"column":4},"end":{"line":31,"column":null}},"5":{"start":{"line":29,"column":22},"end":{"line":29,"column":36}},"6":{"start":{"line":33,"column":4},"end":{"line":38,"column":null}},"7":{"start":{"line":40,"column":4},"end":{"line":45,"column":null}},"8":{"start":{"line":47,"column":4},"end":{"line":52,"column":null}},"9":{"start":{"line":54,"column":4},"end":{"line":58,"column":null}},"10":{"start":{"line":60,"column":4},"end":{"line":64,"column":null}},"11":{"start":{"line":66,"column":4},"end":{"line":70,"column":null}},"12":{"start":{"line":72,"column":4},"end":{"line":76,"column":null}},"13":{"start":{"line":78,"column":4},"end":{"line":83,"column":null}},"14":{"start":{"line":21,"column":13},"end":{"line":84,"column":null}},"15":{"start":{"line":21,"column":13},"end":{"line":21,"column":28}}},"fnMap":{"0":{"name":"(anonymous_2)","decl":{"start":{"line":29,"column":16},"end":{"line":29,"column":19}},"loc":{"start":{"line":29,"column":22},"end":{"line":29,"column":36}}}},"branchMap":{},"s":{"0":3,"1":3,"2":3,"3":3,"4":3,"5":0,"6":3,"7":3,"8":3,"9":3,"10":3,"11":3,"12":3,"13":3,"14":3,"15":3},"f":{"0":0},"b":{}}
,"/home/dracks/Documents/devel/mr-scrooge/src/server/bank-transaction/test-data/bank-transaction.factory.ts": {"path":"/home/dracks/Documents/devel/mr-scrooge/src/server/bank-transaction/test-data/bank-transaction.factory.ts","statementMap":{"0":{"start":{"line":1,"column":0},"end":{"line":1,"column":38}},"1":{"start":{"line":5,"column":13},"end":{"line":13,"column":3}},"2":{"start":{"line":6,"column":32},"end":{"line":6,"column":34}},"3":{"start":{"line":9,"column":35},"end":{"line":9,"column":48}},"4":{"start":{"line":11,"column":42},"end":{"line":11,"column":58}}},"fnMap":{"0":{"name":"(anonymous_6)","decl":{"start":{"line":6,"column":26},"end":{"line":6,"column":28}},"loc":{"start":{"line":6,"column":32},"end":{"line":6,"column":34}}},"1":{"name":"(anonymous_7)","decl":{"start":{"line":9,"column":29},"end":{"line":9,"column":31}},"loc":{"start":{"line":9,"column":35},"end":{"line":9,"column":48}}},"2":{"name":"(anonymous_8)","decl":{"start":{"line":11,"column":36},"end":{"line":11,"column":38}},"loc":{"start":{"line":11,"column":42},"end":{"line":11,"column":58}}}},"branchMap":{},"s":{"0":1,"1":1,"2":9,"3":9,"4":9},"f":{"0":9,"1":9,"2":9},"b":{}}
,"/home/dracks/Documents/devel/mr-scrooge/src/server/common/cursor-handler.ts": {"path":"/home/dracks/Documents/devel/mr-scrooge/src/server/common/cursor-handler.ts","statementMap":{"0":{"start":{"line":1,"column":0},"end":{"line":1,"column":56}},"1":{"start":{"line":9,"column":25},"end":{"line":9,"column":41}},"2":{"start":{"line":12,"column":21},"end":{"line":12,"column":38}},"3":{"start":{"line":13,"column":8},"end":{"line":18,"column":34}},"4":{"start":{"line":14,"column":26},"end":{"line":14,"column":42}},"5":{"start":{"line":15,"column":12},"end":{"line":15,"column":93}},"6":{"start":{"line":15,"column":24},"end":{"line":15,"column":93}},"7":{"start":{"line":16,"column":12},"end":{"line":16,"column":38}},"8":{"start":{"line":17,"column":12},"end":{"line":17,"column":23}},"9":{"start":{"line":22,"column":8},"end":{"line":22,"column":68}},"10":{"start":{"line":22,"column":40},"end":{"line":22,"column":56}},"11":{"start":{"line":8,"column":0},"end":{"line":8,"column":13}}},"fnMap":{"0":{"name":"(anonymous_0)","decl":{"start":{"line":9,"column":4},"end":{"line":9,"column":25}},"loc":{"start":{"line":9,"column":41},"end":{"line":9,"column":45}}},"1":{"name":"(anonymous_1)","decl":{"start":{"line":11,"column":4},"end":{"line":11,"column":9}},"loc":{"start":{"line":11,"column":24},"end":{"line":19,"column":5}}},"2":{"name":"(anonymous_2)","decl":{"start":{"line":13,"column":27},"end":{"line":13,"column":28}},"loc":{"start":{"line":13,"column":46},"end":{"line":18,"column":9}}},"3":{"name":"(anonymous_3)","decl":{"start":{"line":21,"column":4},"end":{"line":21,"column":13}},"loc":{"start":{"line":21,"column":44},"end":{"line":23,"column":5}}},"4":{"name":"(anonymous_4)","decl":{"start":{"line":22,"column":31},"end":{"line":22,"column":36}},"loc":{"start":{"line":22,"column":40},"end":{"line":22,"column":56}}}},"branchMap":{"0":{"loc":{"start":{"line":15,"column":12},"end":{"line":15,"column":93}},"type":"if","locations":[{"start":{"line":15,"column":12},"end":{"line":15,"column":93}}]}},"s":{"0":1,"1":3,"2":1,"3":1,"4":2,"5":2,"6":0,"7":2,"8":2,"9":2,"10":4,"11":1},"f":{"0":3,"1":1,"2":2,"3":2,"4":4},"b":{"0":[0]}}
,"/home/dracks/Documents/devel/mr-scrooge/src/server/common/list-to-dictionary.ts": {"path":"/home/dracks/Documents/devel/mr-scrooge/src/server/common/list-to-dictionary.ts","statementMap":{"0":{"start":{"line":1,"column":32},"end":{"line":8,"column":1}},"1":{"start":{"line":2,"column":16},"end":{"line":2,"column":33}},"2":{"start":{"line":3,"column":4},"end":{"line":6,"column":7}},"3":{"start":{"line":4,"column":22},"end":{"line":4,"column":39}},"4":{"start":{"line":5,"column":8},"end":{"line":5,"column":null}},"5":{"start":{"line":7,"column":4},"end":{"line":7,"column":15}},"6":{"start":{"line":1,"column":13},"end":{"line":1,"column":32}},"7":{"start":{"line":10,"column":35},"end":{"line":22,"column":1}},"8":{"start":{"line":11,"column":16},"end":{"line":11,"column":35}},"9":{"start":{"line":12,"column":4},"end":{"line":20,"column":7}},"10":{"start":{"line":13,"column":22},"end":{"line":13,"column":39}},"11":{"start":{"line":14,"column":23},"end":{"line":14,"column":33}},"12":{"start":{"line":15,"column":8},"end":{"line":18,"column":null}},"13":{"start":{"line":16,"column":12},"end":{"line":16,"column":26}},"14":{"start":{"line":17,"column":12},"end":{"line":17,"column":null}},"15":{"start":{"line":19,"column":8},"end":{"line":19,"column":null}},"16":{"start":{"line":21,"column":4},"end":{"line":21,"column":15}},"17":{"start":{"line":10,"column":13},"end":{"line":10,"column":35}}},"fnMap":{"0":{"name":"(anonymous_0)","decl":{"start":{"line":1,"column":32},"end":{"line":1,"column":95}},"loc":{"start":{"line":1,"column":127},"end":{"line":8,"column":1}}},"1":{"name":"(anonymous_1)","decl":{"start":{"line":3,"column":17},"end":{"line":3,"column":24}},"loc":{"start":{"line":3,"column":27},"end":{"line":6,"column":5}}},"2":{"name":"(anonymous_2)","decl":{"start":{"line":10,"column":35},"end":{"line":10,"column":98}},"loc":{"start":{"line":10,"column":132},"end":{"line":22,"column":1}}},"3":{"name":"(anonymous_3)","decl":{"start":{"line":12,"column":17},"end":{"line":12,"column":24}},"loc":{"start":{"line":12,"column":27},"end":{"line":20,"column":5}}}},"branchMap":{"0":{"loc":{"start":{"line":15,"column":8},"end":{"line":18,"column":null}},"type":"if","locations":[{"start":{"line":15,"column":8},"end":{"line":18,"column":null}}]}},"s":{"0":2,"1":2,"2":2,"3":1,"4":1,"5":2,"6":2,"7":2,"8":2,"9":2,"10":0,"11":0,"12":0,"13":0,"14":0,"15":0,"16":2,"17":2},"f":{"0":2,"1":1,"2":2,"3":0},"b":{"0":[0]}}
,"/home/dracks/Documents/devel/mr-scrooge/src/server/common/test-db.module.ts": {"path":"/home/dracks/Documents/devel/mr-scrooge/src/server/common/test-db.module.ts","statementMap":{"0":{"start":{"line":1,"column":0},"end":{"line":1,"column":52}},"1":{"start":{"line":3,"column":13},"end":{"line":9,"column":3}}},"fnMap":{},"branchMap":{},"s":{"0":5,"1":5},"f":{},"b":{}}
,"/home/dracks/Documents/devel/mr-scrooge/src/server/common/custom-types/date-only.ts": {"path":"/home/dracks/Documents/devel/mr-scrooge/src/server/common/custom-types/date-only.ts","statementMap":{"0":{"start":{"line":1,"column":16},"end":{"line":1,"column":82}},"1":{"start":{"line":1,"column":49},"end":{"line":1,"column":82}},"2":{"start":{"line":11,"column":8},"end":{"line":11,"column":40}},"3":{"start":{"line":12,"column":8},"end":{"line":12,"column":42}},"4":{"start":{"line":13,"column":8},"end":{"line":13,"column":35}},"5":{"start":{"line":21,"column":8},"end":{"line":33,"column":null}},"6":{"start":{"line":26,"column":12},"end":{"line":26,"column":40}},"7":{"start":{"line":27,"column":15},"end":{"line":33,"column":null}},"8":{"start":{"line":28,"column":12},"end":{"line":28,"column":56}},"9":{"start":{"line":29,"column":15},"end":{"line":33,"column":null}},"10":{"start":{"line":30,"column":12},"end":{"line":30,"column":30}},"11":{"start":{"line":32,"column":12},"end":{"line":32,"column":77}},"12":{"start":{"line":41,"column":18},"end":{"line":41,"column":47}},"13":{"start":{"line":43,"column":8},"end":{"line":43,"column":37}},"14":{"start":{"line":44,"column":8},"end":{"line":44,"column":39}},"15":{"start":{"line":45,"column":8},"end":{"line":45,"column":32}},"16":{"start":{"line":46,"column":8},"end":{"line":46,"column":25}},"17":{"start":{"line":47,"column":8},"end":{"line":47,"column":27}},"18":{"start":{"line":48,"column":8},"end":{"line":48,"column":27}},"19":{"start":{"line":49,"column":8},"end":{"line":49,"column":17}},"20":{"start":{"line":53,"column":8},"end":{"line":53,"column":83}},"21":{"start":{"line":3,"column":0},"end":{"line":3,"column":13}}},"fnMap":{"0":{"name":"(anonymous_0)","decl":{"start":{"line":1,"column":16},"end":{"line":1,"column":17}},"loc":{"start":{"line":1,"column":49},"end":{"line":1,"column":82}}},"1":{"name":"(anonymous_1)","decl":{"start":{"line":10,"column":12},"end":{"line":10,"column":18}},"loc":{"start":{"line":10,"column":29},"end":{"line":14,"column":5}}},"2":{"name":"(anonymous_2)","decl":{"start":{"line":20,"column":4},"end":{"line":20,"column":16}},"loc":{"start":{"line":20,"column":98},"end":{"line":34,"column":5}}},"3":{"name":"(anonymous_3)","decl":{"start":{"line":40,"column":4},"end":{"line":40,"column":11}},"loc":{"start":{"line":40,"column":11},"end":{"line":50,"column":5}}},"4":{"name":"(anonymous_4)","decl":{"start":{"line":52,"column":4},"end":{"line":52,"column":12}},"loc":{"start":{"line":52,"column":12},"end":{"line":54,"column":5}}}},"branchMap":{"0":{"loc":{"start":{"line":21,"column":8},"end":{"line":33,"column":null}},"type":"if","locations":[{"start":{"line":21,"column":8},"end":{"line":33,"column":null}},{"start":{"line":27,"column":15},"end":{"line":33,"column":null}}]},"1":{"loc":{"start":{"line":22,"column":12},"end":{"line":24,"column":38}},"type":"binary-expr","locations":[{"start":{"line":22,"column":13},"end":{"line":22,"column":37}},{"start":{"line":22,"column":41},"end":{"line":22,"column":65}},{"start":{"line":23,"column":12},"end":{"line":23,"column":40}},{"start":{"line":24,"column":12},"end":{"line":24,"column":38}}]},"2":{"loc":{"start":{"line":27,"column":15},"end":{"line":33,"column":null}},"type":"if","locations":[{"start":{"line":27,"column":15},"end":{"line":33,"column":null}},{"start":{"line":29,"column":15},"end":{"line":33,"column":null}}]},"3":{"loc":{"start":{"line":27,"column":19},"end":{"line":27,"column":99}},"type":"binary-expr","locations":[{"start":{"line":27,"column":19},"end":{"line":27,"column":43}},{"start":{"line":27,"column":47},"end":{"line":27,"column":72}},{"start":{"line":27,"column":76},"end":{"line":27,"column":99}}]},"4":{"loc":{"start":{"line":29,"column":15},"end":{"line":33,"column":null}},"type":"if","locations":[{"start":{"line":29,"column":15},"end":{"line":33,"column":null}},{"start":{"line":31,"column":15},"end":{"line":33,"column":null}}]}},"s":{"0":5,"1":22,"2":11,"3":11,"4":11,"5":11,"6":9,"7":2,"8":1,"9":1,"10":1,"11":0,"12":3,"13":3,"14":3,"15":3,"16":3,"17":3,"18":3,"19":3,"20":11,"21":5},"f":{"0":22,"1":11,"2":11,"3":3,"4":11},"b":{"0":[9,2],"1":[11,2,10,9],"2":[1,1],"3":[2,1,1],"4":[1,0]}}
,"/home/dracks/Documents/devel/mr-scrooge/src/server/common/custom-types/gql-date-only.ts": {"path":"/home/dracks/Documents/devel/mr-scrooge/src/server/common/custom-types/gql-date-only.ts","statementMap":{"0":{"start":{"line":1,"column":0},"end":{"line":1,"column":50}},"1":{"start":{"line":3,"column":0},"end":{"line":3,"column":39}},"2":{"start":{"line":5,"column":13},"end":{"line":29,"column":3}},"3":{"start":{"line":10,"column":8},"end":{"line":12,"column":null}},"4":{"start":{"line":11,"column":12},"end":{"line":11,"column":78}},"5":{"start":{"line":13,"column":8},"end":{"line":13,"column":32}},"6":{"start":{"line":17,"column":8},"end":{"line":19,"column":null}},"7":{"start":{"line":18,"column":12},"end":{"line":18,"column":72}},"8":{"start":{"line":20,"column":8},"end":{"line":20,"column":35}},"9":{"start":{"line":24,"column":8},"end":{"line":26,"column":null}},"10":{"start":{"line":25,"column":12},"end":{"line":25,"column":72}},"11":{"start":{"line":27,"column":8},"end":{"line":27,"column":39}}},"fnMap":{"0":{"name":"(anonymous_0)","decl":{"start":{"line":8,"column":4},"end":{"line":8,"column":13}},"loc":{"start":{"line":8,"column":28},"end":{"line":14,"column":5}}},"1":{"name":"(anonymous_1)","decl":{"start":{"line":15,"column":4},"end":{"line":15,"column":14}},"loc":{"start":{"line":15,"column":29},"end":{"line":21,"column":5}}},"2":{"name":"(anonymous_2)","decl":{"start":{"line":22,"column":4},"end":{"line":22,"column":16}},"loc":{"start":{"line":22,"column":20},"end":{"line":28,"column":5}}}},"branchMap":{"0":{"loc":{"start":{"line":10,"column":8},"end":{"line":12,"column":null}},"type":"if","locations":[{"start":{"line":10,"column":8},"end":{"line":12,"column":null}}]},"1":{"loc":{"start":{"line":17,"column":8},"end":{"line":19,"column":null}},"type":"if","locations":[{"start":{"line":17,"column":8},"end":{"line":19,"column":null}}]},"2":{"loc":{"start":{"line":24,"column":8},"end":{"line":26,"column":null}},"type":"if","locations":[{"start":{"line":24,"column":8},"end":{"line":26,"column":null}}]}},"s":{"0":4,"1":4,"2":4,"3":8,"4":0,"5":8,"6":0,"7":0,"8":0,"9":0,"10":0,"11":0},"f":{"0":8,"1":0,"2":0},"b":{"0":[0],"1":[0],"2":[0]}}
,"/home/dracks/Documents/devel/mr-scrooge/src/server/common/test-graphql/generated.ts": {"path":"/home/dracks/Documents/devel/mr-scrooge/src/server/common/test-graphql/generated.ts","statementMap":{"0":{"start":{"line":1,"column":0},"end":{"line":1,"column":30}},"1":{"start":{"line":54,"column":0},"end":{"line":54,"column":null}},"2":{"start":{"line":55,"column":2},"end":{"line":55,"column":null}},"3":{"start":{"line":56,"column":2},"end":{"line":56,"column":null}},"4":{"start":{"line":57,"column":2},"end":{"line":57,"column":null}},"5":{"start":{"line":58,"column":2},"end":{"line":58,"column":null}},"6":{"start":{"line":59,"column":2},"end":{"line":59,"column":null}},"7":{"start":{"line":62,"column":0},"end":{"line":62,"column":null}},"8":{"start":{"line":63,"column":2},"end":{"line":63,"column":null}},"9":{"start":{"line":64,"column":2},"end":{"line":64,"column":null}},"10":{"start":{"line":65,"column":2},"end":{"line":65,"column":null}},"11":{"start":{"line":138,"column":13},"end":{"line":145,"column":6}},"12":{"start":{"line":146,"column":13},"end":{"line":167,"column":6}},"13":{"start":{"line":168,"column":13},"end":{"line":175,"column":6}},"14":{"start":{"line":176,"column":13},"end":{"line":185,"column":37}},"15":{"start":{"line":186,"column":13},"end":{"line":198,"column":6}},"16":{"start":{"line":199,"column":13},"end":{"line":208,"column":37}}},"fnMap":{"0":{"name":"(anonymous_1)","decl":{"start":{"line":54,"column":0},"end":{"line":54,"column":12}},"loc":{"start":{"line":54,"column":25},"end":{"line":60,"column":1}}},"1":{"name":"(anonymous_2)","decl":{"start":{"line":62,"column":0},"end":{"line":62,"column":12}},"loc":{"start":{"line":62,"column":24},"end":{"line":66,"column":1}}}},"branchMap":{"0":{"loc":{"start":{"line":54,"column":12},"end":{"line":54,"column":null}},"type":"binary-expr","locations":[{"start":{"line":54,"column":12},"end":{"line":54,"column":25}},{"start":{"line":54,"column":12},"end":{"line":54,"column":null}}]},"1":{"loc":{"start":{"line":62,"column":12},"end":{"line":62,"column":null}},"type":"binary-expr","locations":[{"start":{"line":62,"column":12},"end":{"line":62,"column":24}},{"start":{"line":62,"column":12},"end":{"line":62,"column":null}}]}},"s":{"0":3,"1":3,"2":3,"3":3,"4":3,"5":3,"6":3,"7":3,"8":3,"9":3,"10":3,"11":3,"12":3,"13":3,"14":3,"15":3,"16":3},"f":{"0":3,"1":3},"b":{"0":[3,3],"1":[3,3]}}
,"/home/dracks/Documents/devel/mr-scrooge/src/server/common/test-graphql/get-my-profile.ts": {"path":"/home/dracks/Documents/devel/mr-scrooge/src/server/common/test-graphql/get-my-profile.ts","statementMap":{"0":{"start":{"line":1,"column":0},"end":{"line":1,"column":30}},"1":{"start":{"line":3,"column":13},"end":{"line":9,"column":2}}},"fnMap":{},"branchMap":{},"s":{"0":1,"1":1},"f":{},"b":{}}
,"/home/dracks/Documents/devel/mr-scrooge/src/server/common/test-graphql/graph-ql.module.ts": {"path":"/home/dracks/Documents/devel/mr-scrooge/src/server/common/test-graphql/graph-ql.module.ts","statementMap":{"0":{"start":{"line":1,"column":0},"end":{"line":1,"column":48}},"1":{"start":{"line":2,"column":0},"end":{"line":2,"column":75}},"2":{"start":{"line":4,"column":0},"end":{"line":4,"column":53}},"3":{"start":{"line":5,"column":0},"end":{"line":5,"column":60}},"4":{"start":{"line":7,"column":36},"end":{"line":16,"column":6}},"5":{"start":{"line":8,"column":4},"end":{"line":16,"column":6}},"6":{"start":{"line":7,"column":13},"end":{"line":7,"column":36}}},"fnMap":{"0":{"name":"(anonymous_0)","decl":{"start":{"line":7,"column":36},"end":{"line":7,"column":37}},"loc":{"start":{"line":8,"column":4},"end":{"line":16,"column":6}}}},"branchMap":{},"s":{"0":4,"1":4,"2":4,"3":4,"4":4,"5":13,"6":4},"f":{"0":13},"b":{}}
,"/home/dracks/Documents/devel/mr-scrooge/src/server/common/test-graphql/login.ts": {"path":"/home/dracks/Documents/devel/mr-scrooge/src/server/common/test-graphql/login.ts","statementMap":{"0":{"start":{"line":1,"column":0},"end":{"line":1,"column":30}},"1":{"start":{"line":3,"column":13},"end":{"line":9,"column":2}}},"fnMap":{},"branchMap":{},"s":{"0":2,"1":2},"f":{},"b":{}}
,"/home/dracks/Documents/devel/mr-scrooge/src/server/common/test-tools/mock-partial.ts": {"path":"/home/dracks/Documents/devel/mr-scrooge/src/server/common/test-tools/mock-partial.ts","statementMap":{"0":{"start":{"line":1,"column":27},"end":{"line":1,"column":85}},"1":{"start":{"line":1,"column":73},"end":{"line":1,"column":85}},"2":{"start":{"line":1,"column":13},"end":{"line":1,"column":27}}},"fnMap":{"0":{"name":"(anonymous_0)","decl":{"start":{"line":1,"column":27},"end":{"line":1,"column":46}},"loc":{"start":{"line":1,"column":73},"end":{"line":1,"column":85}}}},"branchMap":{},"s":{"0":1,"1":6,"2":1},"f":{"0":6},"b":{}}
,"/home/dracks/Documents/devel/mr-scrooge/src/server/core/logger.module.ts": {"path":"/home/dracks/Documents/devel/mr-scrooge/src/server/core/logger.module.ts","statementMap":{"0":{"start":{"line":2,"column":0},"end":{"line":2,"column":43}},"1":{"start":{"line":6,"column":13},"end":{"line":15,"column":3}}},"fnMap":{},"branchMap":{},"s":{"0":1,"1":1},"f":{},"b":{}}
,"/home/dracks/Documents/devel/mr-scrooge/src/server/core/config/config.test.ts": {"path":"/home/dracks/Documents/devel/mr-scrooge/src/server/core/config/config.test.ts","statementMap":{"0":{"start":{"line":1,"column":0},"end":{"line":1,"column":48}},"1":{"start":{"line":2,"column":0},"end":{"line":2,"column":38}},"2":{"start":{"line":4,"column":0},"end":{"line":4,"column":34}},"3":{"start":{"line":6,"column":13},"end":{"line":9,"column":3}},"4":{"start":{"line":16,"column":29},"end":{"line":23,"column":null}},"5":{"start":{"line":18,"column":8},"end":{"line":21,"column":10}},"6":{"start":{"line":16,"column":13},"end":{"line":23,"column":null}},"7":{"start":{"line":16,"column":13},"end":{"line":16,"column":29}}},"fnMap":{"0":{"name":"(anonymous_7)","decl":{"start":{"line":17,"column":4},"end":{"line":17,"column":10}},"loc":{"start":{"line":17,"column":33},"end":{"line":22,"column":5}}}},"branchMap":{},"s":{"0":1,"1":1,"2":1,"3":1,"4":1,"5":0,"6":1,"7":1},"f":{"0":0},"b":{}}
,"/home/dracks/Documents/devel/mr-scrooge/src/server/core/config/config.ts": {"path":"/home/dracks/Documents/devel/mr-scrooge/src/server/core/config/config.ts","statementMap":{"0":{"start":{"line":1,"column":0},"end":{"line":1,"column":54}},"1":{"start":{"line":5,"column":13},"end":{"line":5,"column":52}},"2":{"start":{"line":8,"column":13},"end":{"line":8,"column":43}},"3":{"start":{"line":4,"column":4},"end":{"line":5,"column":null}},"4":{"start":{"line":7,"column":4},"end":{"line":8,"column":null}},"5":{"start":{"line":3,"column":0},"end":{"line":3,"column":13}}},"fnMap":{"0":{"name":"(anonymous_2)","decl":{"start":{"line":3,"column":0},"end":{"line":3,"column":13}},"loc":{"start":{"line":3,"column":0},"end":{"line":9,"column":1}}}},"branchMap":{},"s":{"0":1,"1":0,"2":0,"3":1,"4":1,"5":1},"f":{"0":0},"b":{}}
,"/home/dracks/Documents/devel/mr-scrooge/src/server/core/errors/base-error.ts": {"path":"/home/dracks/Documents/devel/mr-scrooge/src/server/core/errors/base-error.ts","statementMap":{"0":{"start":{"line":9,"column":17},"end":{"line":10,"column":97}},"1":{"start":{"line":10,"column":4},"end":{"line":10,"column":97}},"2":{"start":{"line":12,"column":27},"end":{"line":25,"column":1}},"3":{"start":{"line":13,"column":4},"end":{"line":15,"column":null}},"4":{"start":{"line":14,"column":8},"end":{"line":14,"column":28}},"5":{"start":{"line":16,"column":4},"end":{"line":23,"column":null}},"6":{"start":{"line":17,"column":8},"end":{"line":22,"column":10}},"7":{"start":{"line":24,"column":4},"end":{"line":24,"column":15}},"8":{"start":{"line":12,"column":13},"end":{"line":12,"column":27}},"9":{"start":{"line":28,"column":8},"end":{"line":28,"column":48}},"10":{"start":{"line":27,"column":25},"end":{"line":27,"column":37}},"11":{"start":{"line":27,"column":65},"end":{"line":27,"column":86}},"12":{"start":{"line":32,"column":8},"end":{"line":32,"column":47}},"13":{"start":{"line":36,"column":8},"end":{"line":43,"column":10}},"14":{"start":{"line":47,"column":8},"end":{"line":47,"column":95}},"15":{"start":{"line":26,"column":0},"end":{"line":26,"column":13}},"16":{"start":{"line":51,"column":29},"end":{"line":56,"column":1}},"17":{"start":{"line":52,"column":4},"end":{"line":54,"column":null}},"18":{"start":{"line":53,"column":8},"end":{"line":53,"column":20}},"19":{"start":{"line":55,"column":4},"end":{"line":55,"column":23}},"20":{"start":{"line":51,"column":13},"end":{"line":51,"column":29}}},"fnMap":{"0":{"name":"(anonymous_0)","decl":{"start":{"line":9,"column":17},"end":{"line":9,"column":18}},"loc":{"start":{"line":10,"column":4},"end":{"line":10,"column":97}}},"1":{"name":"(anonymous_1)","decl":{"start":{"line":12,"column":27},"end":{"line":12,"column":28}},"loc":{"start":{"line":12,"column":53},"end":{"line":25,"column":1}}},"2":{"name":"(anonymous_2)","decl":{"start":{"line":27,"column":4},"end":{"line":27,"column":25}},"loc":{"start":{"line":27,"column":101},"end":{"line":29,"column":5}}},"3":{"name":"(anonymous_3)","decl":{"start":{"line":31,"column":4},"end":{"line":31,"column":12}},"loc":{"start":{"line":31,"column":12},"end":{"line":33,"column":5}}},"4":{"name":"(anonymous_4)","decl":{"start":{"line":35,"column":4},"end":{"line":35,"column":10}},"loc":{"start":{"line":35,"column":10},"end":{"line":44,"column":5}}},"5":{"name":"(anonymous_5)","decl":{"start":{"line":46,"column":4},"end":{"line":46,"column":10}},"loc":{"start":{"line":46,"column":32},"end":{"line":48,"column":5}}},"6":{"name":"(anonymous_6)","decl":{"start":{"line":51,"column":29},"end":{"line":51,"column":48}},"loc":{"start":{"line":51,"column":101},"end":{"line":56,"column":1}}}},"branchMap":{"0":{"loc":{"start":{"line":10,"column":4},"end":{"line":10,"column":97}},"type":"binary-expr","locations":[{"start":{"line":10,"column":4},"end":{"line":10,"column":29}},{"start":{"line":10,"column":33},"end":{"line":10,"column":47}},{"start":{"line":10,"column":51},"end":{"line":10,"column":97}}]},"1":{"loc":{"start":{"line":13,"column":4},"end":{"line":15,"column":null}},"type":"if","locations":[{"start":{"line":13,"column":4},"end":{"line":15,"column":null}}]},"2":{"loc":{"start":{"line":16,"column":4},"end":{"line":23,"column":null}},"type":"if","locations":[{"start":{"line":16,"column":4},"end":{"line":23,"column":null}}]},"3":{"loc":{"start":{"line":41,"column":19},"end":{"line":41,"column":67}},"type":"cond-expr","locations":[{"start":{"line":41,"column":32},"end":{"line":41,"column":55}},{"start":{"line":41,"column":58},"end":{"line":41,"column":67}}]},"4":{"loc":{"start":{"line":52,"column":4},"end":{"line":54,"column":null}},"type":"if","locations":[{"start":{"line":52,"column":4},"end":{"line":54,"column":null}}]}},"s":{"0":3,"1":0,"2":3,"3":0,"4":0,"5":0,"6":0,"7":0,"8":3,"9":1,"10":1,"11":1,"12":0,"13":0,"14":0,"15":3,"16":3,"17":1,"18":0,"19":1,"20":3},"f":{"0":0,"1":0,"2":1,"3":0,"4":0,"5":0,"6":1},"b":{"0":[0,0,0],"1":[0],"2":[0],"3":[0,0],"4":[0]}}
,"/home/dracks/Documents/devel/mr-scrooge/src/server/graphs/graphs.module.ts": {"path":"/home/dracks/Documents/devel/mr-scrooge/src/server/graphs/graphs.module.ts","statementMap":{"0":{"start":{"line":1,"column":0},"end":{"line":1,"column":40}},"1":{"start":{"line":2,"column":0},"end":{"line":2,"column":52}},"2":{"start":{"line":4,"column":0},"end":{"line":4,"column":null}},"3":{"start":{"line":11,"column":0},"end":{"line":11,"column":72}},"4":{"start":{"line":12,"column":0},"end":{"line":12,"column":59}},"5":{"start":{"line":13,"column":0},"end":{"line":13,"column":59}},"6":{"start":{"line":14,"column":0},"end":{"line":14,"column":56}},"7":{"start":{"line":15,"column":0},"end":{"line":15,"column":56}},"8":{"start":{"line":32,"column":7},"end":{"line":32,"column":null}},"9":{"start":{"line":32,"column":13},"end":{"line":32,"column":null}},"10":{"start":{"line":32,"column":13},"end":{"line":32,"column":25}}},"fnMap":{},"branchMap":{},"s":{"0":2,"1":2,"2":2,"3":2,"4":2,"5":2,"6":2,"7":2,"8":2,"9":2,"10":2},"f":{},"b":{}}
,"/home/dracks/Documents/devel/mr-scrooge/src/server/graphs/gql-objects/graph.object.ts": {"path":"/home/dracks/Documents/devel/mr-scrooge/src/server/graphs/gql-objects/graph.object.ts","statementMap":{"0":{"start":{"line":1,"column":0},"end":{"line":1,"column":75}},"1":{"start":{"line":2,"column":0},"end":{"line":2,"column":62}},"2":{"start":{"line":3,"column":0},"end":{"line":5,"column":null}},"3":{"start":{"line":6,"column":0},"end":{"line":8,"column":null}},"4":{"start":{"line":11,"column":7},"end":{"line":20,"column":null}},"5":{"start":{"line":12,"column":4},"end":{"line":13,"column":null}},"6":{"start":{"line":12,"column":15},"end":{"line":12,"column":25}},"7":{"start":{"line":15,"column":4},"end":{"line":16,"column":null}},"8":{"start":{"line":18,"column":4},"end":{"line":19,"column":null}},"9":{"start":{"line":18,"column":15},"end":{"line":18,"column":20}},"10":{"start":{"line":11,"column":13},"end":{"line":20,"column":null}},"11":{"start":{"line":11,"column":13},"end":{"line":11,"column":18}},"12":{"start":{"line":24,"column":7},"end":{"line":27,"column":null}},"13":{"start":{"line":25,"column":4},"end":{"line":26,"column":null}},"14":{"start":{"line":24,"column":13},"end":{"line":27,"column":null}},"15":{"start":{"line":24,"column":13},"end":{"line":24,"column":28}},"16":{"start":{"line":30,"column":7},"end":{"line":53,"column":null}},"17":{"start":{"line":31,"column":4},"end":{"line":32,"column":null}},"18":{"start":{"line":31,"column":15},"end":{"line":31,"column":18}},"19":{"start":{"line":34,"column":4},"end":{"line":35,"column":null}},"20":{"start":{"line":34,"column":15},"end":{"line":34,"column":18}},"21":{"start":{"line":37,"column":4},"end":{"line":38,"column":null}},"22":{"start":{"line":39,"column":4},"end":{"line":40,"column":null}},"23":{"start":{"line":39,"column":15},"end":{"line":39,"column":24}},"24":{"start":{"line":42,"column":4},"end":{"line":43,"column":null}},"25":{"start":{"line":45,"column":4},"end":{"line":46,"column":null}},"26":{"start":{"line":48,"column":4},"end":{"line":49,"column":null}},"27":{"start":{"line":48,"column":15},"end":{"line":48,"column":20}},"28":{"start":{"line":51,"column":4},"end":{"line":52,"column":null}},"29":{"start":{"line":51,"column":15},"end":{"line":51,"column":30}},"30":{"start":{"line":30,"column":13},"end":{"line":53,"column":null}},"31":{"start":{"line":30,"column":13},"end":{"line":30,"column":18}}},"fnMap":{"0":{"name":"(anonymous_2)","decl":{"start":{"line":12,"column":11},"end":{"line":12,"column":13}},"loc":{"start":{"line":12,"column":15},"end":{"line":12,"column":25}}},"1":{"name":"(anonymous_3)","decl":{"start":{"line":18,"column":11},"end":{"line":18,"column":13}},"loc":{"start":{"line":18,"column":15},"end":{"line":18,"column":20}}},"2":{"name":"(anonymous_4)","decl":{"start":{"line":31,"column":11},"end":{"line":31,"column":13}},"loc":{"start":{"line":31,"column":15},"end":{"line":31,"column":18}}},"3":{"name":"(anonymous_5)","decl":{"start":{"line":34,"column":11},"end":{"line":34,"column":13}},"loc":{"start":{"line":34,"column":15},"end":{"line":34,"column":18}}},"4":{"name":"(anonymous_6)","decl":{"start":{"line":39,"column":11},"end":{"line":39,"column":13}},"loc":{"start":{"line":39,"column":15},"end":{"line":39,"column":24}}},"5":{"name":"(anonymous_7)","decl":{"start":{"line":48,"column":11},"end":{"line":48,"column":13}},"loc":{"start":{"line":48,"column":15},"end":{"line":48,"column":20}}},"6":{"name":"(anonymous_8)","decl":{"start":{"line":51,"column":11},"end":{"line":51,"column":13}},"loc":{"start":{"line":51,"column":15},"end":{"line":51,"column":30}}}},"branchMap":{},"s":{"0":2,"1":2,"2":2,"3":2,"4":2,"5":2,"6":8,"7":2,"8":2,"9":8,"10":2,"11":2,"12":2,"13":2,"14":2,"15":2,"16":2,"17":2,"18":8,"19":2,"20":8,"21":2,"22":2,"23":8,"24":2,"25":2,"26":2,"27":8,"28":2,"29":8,"30":2,"31":2},"f":{"0":8,"1":8,"2":8,"3":8,"4":8,"5":8,"6":8},"b":{}}
,"/home/dracks/Documents/devel/mr-scrooge/src/server/graphs/gql-objects/label.object.ts": {"path":"/home/dracks/Documents/devel/mr-scrooge/src/server/graphs/gql-objects/label.object.ts","statementMap":{"0":{"start":{"line":1,"column":0},"end":{"line":1,"column":52}},"1":{"start":{"line":4,"column":7},"end":{"line":13,"column":null}},"2":{"start":{"line":5,"column":4},"end":{"line":6,"column":null}},"3":{"start":{"line":8,"column":4},"end":{"line":9,"column":null}},"4":{"start":{"line":11,"column":4},"end":{"line":12,"column":null}},"5":{"start":{"line":4,"column":13},"end":{"line":13,"column":null}},"6":{"start":{"line":4,"column":13},"end":{"line":4,"column":18}}},"fnMap":{},"branchMap":{},"s":{"0":2,"1":2,"2":2,"3":2,"4":2,"5":2,"6":2},"f":{},"b":{}}
,"/home/dracks/Documents/devel/mr-scrooge/src/server/graphs/models/graph.model.ts": {"path":"/home/dracks/Documents/devel/mr-scrooge/src/server/graphs/models/graph.model.ts","statementMap":{"0":{"start":{"line":2,"column":0},"end":{"line":2,"column":82}},"1":{"start":{"line":4,"column":0},"end":{"line":4,"column":66}},"2":{"start":{"line":5,"column":0},"end":{"line":5,"column":43}},"3":{"start":{"line":7,"column":0},"end":{"line":7,"column":null}},"4":{"start":{"line":8,"column":4},"end":{"line":8,"column":null}},"5":{"start":{"line":9,"column":4},"end":{"line":9,"column":null}},"6":{"start":{"line":10,"column":4},"end":{"line":10,"column":null}},"7":{"start":{"line":13,"column":0},"end":{"line":13,"column":null}},"8":{"start":{"line":14,"column":4},"end":{"line":14,"column":null}},"9":{"start":{"line":15,"column":4},"end":{"line":15,"column":null}},"10":{"start":{"line":16,"column":4},"end":{"line":16,"column":null}},"11":{"start":{"line":17,"column":4},"end":{"line":17,"column":null}},"12":{"start":{"line":18,"column":4},"end":{"line":18,"column":null}},"13":{"start":{"line":27,"column":7},"end":{"line":67,"column":null}},"14":{"start":{"line":28,"column":4},"end":{"line":33,"column":null}},"15":{"start":{"line":35,"column":4},"end":{"line":41,"column":null}},"16":{"start":{"line":40,"column":22},"end":{"line":40,"column":36}},"17":{"start":{"line":43,"column":4},"end":{"line":46,"column":null}},"18":{"start":{"line":48,"column":4},"end":{"line":52,"column":null}},"19":{"start":{"line":54,"column":4},"end":{"line":59,"column":null}},"20":{"start":{"line":58,"column":22},"end":{"line":58,"column":32}},"21":{"start":{"line":61,"column":4},"end":{"line":66,"column":null}},"22":{"start":{"line":27,"column":13},"end":{"line":67,"column":null}},"23":{"start":{"line":27,"column":13},"end":{"line":27,"column":23}},"24":{"start":{"line":70,"column":4},"end":{"line":78,"column":null}},"25":{"start":{"line":77,"column":22},"end":{"line":77,"column":32}},"26":{"start":{"line":80,"column":4},"end":{"line":85,"column":null}},"27":{"start":{"line":87,"column":4},"end":{"line":91,"column":null}},"28":{"start":{"line":69,"column":0},"end":{"line":69,"column":13}},"29":{"start":{"line":98,"column":7},"end":{"line":101,"column":null}},"30":{"start":{"line":98,"column":13},"end":{"line":101,"column":null}},"31":{"start":{"line":98,"column":13},"end":{"line":98,"column":28}},"32":{"start":{"line":107,"column":7},"end":{"line":116,"column":null}},"33":{"start":{"line":111,"column":4},"end":{"line":115,"column":null}},"34":{"start":{"line":107,"column":13},"end":{"line":116,"column":null}},"35":{"start":{"line":107,"column":13},"end":{"line":107,"column":38}},"36":{"start":{"line":122,"column":7},"end":{"line":141,"column":null}},"37":{"start":{"line":126,"column":4},"end":{"line":132,"column":null}},"38":{"start":{"line":131,"column":22},"end":{"line":131,"column":37}},"39":{"start":{"line":134,"column":4},"end":{"line":140,"column":null}},"40":{"start":{"line":139,"column":22},"end":{"line":139,"column":32}},"41":{"start":{"line":122,"column":13},"end":{"line":141,"column":null}},"42":{"start":{"line":122,"column":13},"end":{"line":122,"column":32}},"43":{"start":{"line":147,"column":7},"end":{"line":166,"column":null}},"44":{"start":{"line":151,"column":4},"end":{"line":157,"column":null}},"45":{"start":{"line":156,"column":22},"end":{"line":156,"column":47}},"46":{"start":{"line":159,"column":4},"end":{"line":165,"column":null}},"47":{"start":{"line":164,"column":22},"end":{"line":164,"column":32}},"48":{"start":{"line":147,"column":13},"end":{"line":166,"column":null}},"49":{"start":{"line":147,"column":13},"end":{"line":147,"column":42}}},"fnMap":{"0":{"name":"(anonymous_2)","decl":{"start":{"line":7,"column":0},"end":{"line":7,"column":12}},"loc":{"start":{"line":7,"column":21},"end":{"line":11,"column":1}}},"1":{"name":"(anonymous_3)","decl":{"start":{"line":13,"column":0},"end":{"line":13,"column":12}},"loc":{"start":{"line":13,"column":22},"end":{"line":19,"column":1}}},"2":{"name":"(anonymous_4)","decl":{"start":{"line":40,"column":16},"end":{"line":40,"column":19}},"loc":{"start":{"line":40,"column":22},"end":{"line":40,"column":36}}},"3":{"name":"(anonymous_5)","decl":{"start":{"line":58,"column":16},"end":{"line":58,"column":19}},"loc":{"start":{"line":58,"column":22},"end":{"line":58,"column":32}}},"4":{"name":"(anonymous_6)","decl":{"start":{"line":77,"column":16},"end":{"line":77,"column":19}},"loc":{"start":{"line":77,"column":22},"end":{"line":77,"column":32}}},"5":{"name":"(anonymous_7)","decl":{"start":{"line":131,"column":16},"end":{"line":131,"column":19}},"loc":{"start":{"line":131,"column":22},"end":{"line":131,"column":37}}},"6":{"name":"(anonymous_8)","decl":{"start":{"line":139,"column":16},"end":{"line":139,"column":19}},"loc":{"start":{"line":139,"column":22},"end":{"line":139,"column":32}}},"7":{"name":"(anonymous_9)","decl":{"start":{"line":156,"column":16},"end":{"line":156,"column":19}},"loc":{"start":{"line":156,"column":22},"end":{"line":156,"column":47}}},"8":{"name":"(anonymous_10)","decl":{"start":{"line":164,"column":16},"end":{"line":164,"column":19}},"loc":{"start":{"line":164,"column":22},"end":{"line":164,"column":32}}}},"branchMap":{"0":{"loc":{"start":{"line":7,"column":12},"end":{"line":7,"column":null}},"type":"binary-expr","locations":[{"start":{"line":7,"column":12},"end":{"line":7,"column":21}},{"start":{"line":7,"column":12},"end":{"line":7,"column":null}}]},"1":{"loc":{"start":{"line":13,"column":12},"end":{"line":13,"column":null}},"type":"binary-expr","locations":[{"start":{"line":13,"column":12},"end":{"line":13,"column":22}},{"start":{"line":13,"column":12},"end":{"line":13,"column":null}}]}},"s":{"0":2,"1":2,"2":2,"3":2,"4":2,"5":2,"6":2,"7":2,"8":2,"9":2,"10":2,"11":2,"12":2,"13":2,"14":2,"15":2,"16":0,"17":2,"18":2,"19":2,"20":0,"21":2,"22":2,"23":2,"24":2,"25":0,"26":2,"27":2,"28":2,"29":2,"30":2,"31":2,"32":2,"33":2,"34":2,"35":2,"36":2,"37":2,"38":0,"39":2,"40":0,"41":2,"42":2,"43":2,"44":2,"45":0,"46":2,"47":0,"48":2,"49":2},"f":{"0":2,"1":2,"2":0,"3":0,"4":0,"5":0,"6":0,"7":0,"8":0},"b":{"0":[2,2],"1":[2,2]}}
,"/home/dracks/Documents/devel/mr-scrooge/src/server/graphs/models/label.model.ts": {"path":"/home/dracks/Documents/devel/mr-scrooge/src/server/graphs/models/label.model.ts","statementMap":{"0":{"start":{"line":2,"column":0},"end":{"line":2,"column":82}},"1":{"start":{"line":4,"column":0},"end":{"line":4,"column":87}},"2":{"start":{"line":5,"column":0},"end":{"line":5,"column":66}},"3":{"start":{"line":11,"column":7},"end":{"line":32,"column":null}},"4":{"start":{"line":12,"column":4},"end":{"line":17,"column":null}},"5":{"start":{"line":19,"column":4},"end":{"line":25,"column":null}},"6":{"start":{"line":24,"column":22},"end":{"line":24,"column":36}},"7":{"start":{"line":27,"column":4},"end":{"line":31,"column":null}},"8":{"start":{"line":11,"column":13},"end":{"line":32,"column":null}},"9":{"start":{"line":11,"column":13},"end":{"line":11,"column":23}},"10":{"start":{"line":38,"column":7},"end":{"line":49,"column":null}},"11":{"start":{"line":42,"column":4},"end":{"line":44,"column":null}},"12":{"start":{"line":43,"column":22},"end":{"line":43,"column":32}},"13":{"start":{"line":46,"column":4},"end":{"line":48,"column":null}},"14":{"start":{"line":47,"column":22},"end":{"line":47,"column":37}},"15":{"start":{"line":38,"column":13},"end":{"line":49,"column":null}},"16":{"start":{"line":38,"column":13},"end":{"line":38,"column":34}}},"fnMap":{"0":{"name":"(anonymous_2)","decl":{"start":{"line":24,"column":16},"end":{"line":24,"column":19}},"loc":{"start":{"line":24,"column":22},"end":{"line":24,"column":36}}},"1":{"name":"(anonymous_3)","decl":{"start":{"line":43,"column":16},"end":{"line":43,"column":19}},"loc":{"start":{"line":43,"column":22},"end":{"line":43,"column":32}}},"2":{"name":"(anonymous_4)","decl":{"start":{"line":47,"column":16},"end":{"line":47,"column":19}},"loc":{"start":{"line":47,"column":22},"end":{"line":47,"column":37}}}},"branchMap":{},"s":{"0":2,"1":2,"2":2,"3":2,"4":2,"5":2,"6":0,"7":2,"8":2,"9":2,"10":2,"11":2,"12":0,"13":2,"14":0,"15":2,"16":2},"f":{"0":0,"1":0,"2":0},"b":{}}
,"/home/dracks/Documents/devel/mr-scrooge/src/server/graphs/resolvers/graph.resolver.ts": {"path":"/home/dracks/Documents/devel/mr-scrooge/src/server/graphs/resolvers/graph.resolver.ts","statementMap":{"0":{"start":{"line":1,"column":0},"end":{"line":1,"column":40}},"1":{"start":{"line":2,"column":0},"end":{"line":2,"column":50}},"2":{"start":{"line":3,"column":0},"end":{"line":3,"column":69}},"3":{"start":{"line":4,"column":0},"end":{"line":4,"column":52}},"4":{"start":{"line":5,"column":0},"end":{"line":5,"column":57}},"5":{"start":{"line":8,"column":26},"end":{"line":21,"column":null}},"6":{"start":{"line":11,"column":33},"end":{"line":11,"column":47}},"7":{"start":{"line":9,"column":21},"end":{"line":9,"column":null}},"8":{"start":{"line":17,"column":23},"end":{"line":17,"column":66}},"9":{"start":{"line":18,"column":8},"end":{"line":18,"column":28}},"10":{"start":{"line":19,"column":8},"end":{"line":19,"column":null}},"11":{"start":{"line":16,"column":10},"end":{"line":20,"column":null}},"12":{"start":{"line":15,"column":15},"end":{"line":15,"column":22}},"13":{"start":{"line":8,"column":13},"end":{"line":21,"column":null}},"14":{"start":{"line":8,"column":13},"end":{"line":8,"column":26}}},"fnMap":{"0":{"name":"(anonymous_11)","decl":{"start":{"line":11,"column":4},"end":{"line":11,"column":33}},"loc":{"start":{"line":11,"column":59},"end":{"line":13,"column":5}}},"1":{"name":"(anonymous_12)","decl":{"start":{"line":16,"column":10},"end":{"line":16,"column":16}},"loc":{"start":{"line":16,"column":50},"end":{"line":20,"column":null}}},"2":{"name":"(anonymous_14)","decl":{"start":{"line":15,"column":11},"end":{"line":15,"column":13}},"loc":{"start":{"line":15,"column":15},"end":{"line":15,"column":22}}}},"branchMap":{},"s":{"0":2,"1":2,"2":2,"3":2,"4":2,"5":2,"6":4,"7":4,"8":1,"9":1,"10":1,"11":2,"12":8,"13":2,"14":2},"f":{"0":4,"1":1,"2":8},"b":{}}
,"/home/dracks/Documents/devel/mr-scrooge/src/server/graphs/resolvers/label.resolver.ts": {"path":"/home/dracks/Documents/devel/mr-scrooge/src/server/graphs/resolvers/label.resolver.ts","statementMap":{"0":{"start":{"line":1,"column":0},"end":{"line":1,"column":49}},"1":{"start":{"line":2,"column":0},"end":{"line":2,"column":69}},"2":{"start":{"line":4,"column":0},"end":{"line":4,"column":52}},"3":{"start":{"line":5,"column":0},"end":{"line":5,"column":57}},"4":{"start":{"line":8,"column":7},"end":{"line":15,"column":null}},"5":{"start":{"line":9,"column":33},"end":{"line":9,"column":47}},"6":{"start":{"line":13,"column":8},"end":{"line":13,"column":50}},"7":{"start":{"line":11,"column":4},"end":{"line":14,"column":null}},"8":{"start":{"line":11,"column":17},"end":{"line":11,"column":24}},"9":{"start":{"line":8,"column":13},"end":{"line":15,"column":null}},"10":{"start":{"line":7,"column":16},"end":{"line":7,"column":21}},"11":{"start":{"line":8,"column":13},"end":{"line":8,"column":26}}},"fnMap":{"0":{"name":"(anonymous_4)","decl":{"start":{"line":9,"column":4},"end":{"line":9,"column":33}},"loc":{"start":{"line":9,"column":59},"end":{"line":9,"column":63}}},"1":{"name":"(anonymous_5)","decl":{"start":{"line":12,"column":4},"end":{"line":12,"column":10}},"loc":{"start":{"line":12,"column":44},"end":{"line":14,"column":5}}},"2":{"name":"(anonymous_6)","decl":{"start":{"line":11,"column":11},"end":{"line":11,"column":14}},"loc":{"start":{"line":11,"column":17},"end":{"line":11,"column":24}}},"3":{"name":"(anonymous_7)","decl":{"start":{"line":7,"column":10},"end":{"line":7,"column":13}},"loc":{"start":{"line":7,"column":16},"end":{"line":7,"column":21}}}},"branchMap":{},"s":{"0":2,"1":2,"2":2,"3":2,"4":2,"5":4,"6":1,"7":2,"8":8,"9":2,"10":4,"11":2},"f":{"0":4,"1":1,"2":8,"3":4},"b":{}}
,"/home/dracks/Documents/devel/mr-scrooge/src/server/graphs/services/graph.service.ts": {"path":"/home/dracks/Documents/devel/mr-scrooge/src/server/graphs/services/graph.service.ts","statementMap":{"0":{"start":{"line":1,"column":0},"end":{"line":1,"column":44}},"1":{"start":{"line":2,"column":0},"end":{"line":2,"column":48}},"2":{"start":{"line":3,"column":0},"end":{"line":3,"column":93}},"3":{"start":{"line":4,"column":0},"end":{"line":4,"column":89}},"4":{"start":{"line":5,"column":0},"end":{"line":5,"column":54}},"5":{"start":{"line":7,"column":0},"end":{"line":7,"column":null}},"6":{"start":{"line":29,"column":8},"end":{"line":34,"column":10}},"7":{"start":{"line":38,"column":8},"end":{"line":38,"column":66}},"8":{"start":{"line":38,"column":53},"end":{"line":38,"column":64}},"9":{"start":{"line":42,"column":8},"end":{"line":42,"column":53}},"10":{"start":{"line":46,"column":8},"end":{"line":48,"column":null}},"11":{"start":{"line":47,"column":12},"end":{"line":47,"column":98}},"12":{"start":{"line":49,"column":8},"end":{"line":49,"column":76}},"13":{"start":{"line":49,"column":63},"end":{"line":49,"column":74}},"14":{"start":{"line":54,"column":7},"end":{"line":147,"column":null}},"15":{"start":{"line":56,"column":50},"end":{"line":56,"column":79}},"16":{"start":{"line":57,"column":55},"end":{"line":57,"column":94}},"17":{"start":{"line":58,"column":59},"end":{"line":58,"column":106}},"18":{"start":{"line":60,"column":25},"end":{"line":60,"column":84}},"19":{"start":{"line":62,"column":25},"end":{"line":62,"column":92}},"20":{"start":{"line":70,"column":8},"end":{"line":74,"column":null}},"21":{"start":{"line":74,"column":55},"end":{"line":74,"column":66}},"22":{"start":{"line":79,"column":24},"end":{"line":79,"column":31}},"23":{"start":{"line":79,"column":48},"end":{"line":79,"column":53}},"24":{"start":{"line":79,"column":58},"end":{"line":79,"column":62}},"25":{"start":{"line":79,"column":77},"end":{"line":79,"column":82}},"26":{"start":{"line":79,"column":87},"end":{"line":79,"column":99}},"27":{"start":{"line":80,"column":26},"end":{"line":80,"column":61}},"28":{"start":{"line":81,"column":24},"end":{"line":81,"column":47}},"29":{"start":{"line":82,"column":26},"end":{"line":84,"column":null}},"30":{"start":{"line":87,"column":27},"end":{"line":87,"column":87}},"31":{"start":{"line":89,"column":8},"end":{"line":94,"column":null}},"32":{"start":{"line":90,"column":34},"end":{"line":91,"column":null}},"33":{"start":{"line":91,"column":37},"end":{"line":91,"column":95}},"34":{"start":{"line":93,"column":12},"end":{"line":93,"column":78}},"35":{"start":{"line":93,"column":61},"end":{"line":93,"column":75}},"36":{"start":{"line":95,"column":8},"end":{"line":109,"column":null}},"37":{"start":{"line":96,"column":68},"end":{"line":96,"column":83}},"38":{"start":{"line":96,"column":63},"end":{"line":96,"column":68}},"39":{"start":{"line":97,"column":40},"end":{"line":99,"column":null}},"40":{"start":{"line":101,"column":12},"end":{"line":101,"column":74}},"41":{"start":{"line":103,"column":12},"end":{"line":108,"column":null}},"42":{"start":{"line":104,"column":43},"end":{"line":105,"column":null}},"43":{"start":{"line":105,"column":46},"end":{"line":105,"column":114}},"44":{"start":{"line":107,"column":16},"end":{"line":107,"column":97}},"45":{"start":{"line":107,"column":80},"end":{"line":107,"column":94}},"46":{"start":{"line":110,"column":8},"end":{"line":110,"column":32}},"47":{"start":{"line":114,"column":27},"end":{"line":114,"column":89}},"48":{"start":{"line":115,"column":26},"end":{"line":115,"column":59}},"49":{"start":{"line":115,"column":50},"end":{"line":115,"column":58}},"50":{"start":{"line":117,"column":22},"end":{"line":117,"column":53}},"51":{"start":{"line":118,"column":27},"end":{"line":118,"column":70}},"52":{"start":{"line":119,"column":31},"end":{"line":119,"column":78}},"53":{"start":{"line":120,"column":31},"end":{"line":120,"column":84}},"54":{"start":{"line":121,"column":35},"end":{"line":121,"column":92}},"55":{"start":{"line":124,"column":26},"end":{"line":124,"column":94}},"56":{"start":{"line":124,"column":66},"end":{"line":124,"column":81}},"57":{"start":{"line":125,"column":30},"end":{"line":125,"column":106}},"58":{"start":{"line":125,"column":78},"end":{"line":125,"column":93}},"59":{"start":{"line":126,"column":30},"end":{"line":126,"column":102}},"60":{"start":{"line":126,"column":74},"end":{"line":126,"column":89}},"61":{"start":{"line":127,"column":34},"end":{"line":127,"column":114}},"62":{"start":{"line":127,"column":86},"end":{"line":127,"column":101}},"63":{"start":{"line":129,"column":8},"end":{"line":143,"column":null}},"64":{"start":{"line":130,"column":28},"end":{"line":130,"column":36}},"65":{"start":{"line":132,"column":33},"end":{"line":132,"column":87}},"66":{"start":{"line":133,"column":12},"end":{"line":135,"column":null}},"67":{"start":{"line":134,"column":16},"end":{"line":134,"column":null}},"68":{"start":{"line":136,"column":12},"end":{"line":141,"column":null}},"69":{"start":{"line":137,"column":16},"end":{"line":137,"column":null}},"70":{"start":{"line":138,"column":16},"end":{"line":140,"column":null}},"71":{"start":{"line":139,"column":20},"end":{"line":139,"column":null}},"72":{"start":{"line":142,"column":12},"end":{"line":142,"column":null}},"73":{"start":{"line":54,"column":13},"end":{"line":147,"column":null}},"74":{"start":{"line":54,"column":13},"end":{"line":54,"column":25}}},"fnMap":{"0":{"name":"(anonymous_12)","decl":{"start":{"line":28,"column":4},"end":{"line":28,"column":16}},"loc":{"start":{"line":28,"column":91},"end":{"line":35,"column":5}}},"1":{"name":"(anonymous_13)","decl":{"start":{"line":37,"column":4},"end":{"line":37,"column":16}},"loc":{"start":{"line":37,"column":66},"end":{"line":39,"column":5}}},"2":{"name":"(anonymous_14)","decl":{"start":{"line":38,"column":46},"end":{"line":38,"column":49}},"loc":{"start":{"line":38,"column":53},"end":{"line":38,"column":64}}},"3":{"name":"(anonymous_15)","decl":{"start":{"line":41,"column":4},"end":{"line":41,"column":22}},"loc":{"start":{"line":41,"column":82},"end":{"line":43,"column":5}}},"4":{"name":"(anonymous_16)","decl":{"start":{"line":45,"column":4},"end":{"line":45,"column":26}},"loc":{"start":{"line":45,"column":86},"end":{"line":50,"column":5}}},"5":{"name":"(anonymous_17)","decl":{"start":{"line":49,"column":56},"end":{"line":49,"column":59}},"loc":{"start":{"line":49,"column":63},"end":{"line":49,"column":74}}},"6":{"name":"(anonymous_18)","decl":{"start":{"line":55,"column":4},"end":{"line":55,"column":null}},"loc":{"start":{"line":62,"column":92},"end":{"line":63,"column":8}}},"7":{"name":"(anonymous_19)","decl":{"start":{"line":65,"column":4},"end":{"line":65,"column":13}},"loc":{"start":{"line":68,"column":58},"end":{"line":77,"column":5}}},"8":{"name":"(anonymous_20)","decl":{"start":{"line":74,"column":48},"end":{"line":74,"column":51}},"loc":{"start":{"line":74,"column":55},"end":{"line":74,"column":66}}},"9":{"name":"(anonymous_21)","decl":{"start":{"line":79,"column":10},"end":{"line":79,"column":21}},"loc":{"start":{"line":79,"column":99},"end":{"line":111,"column":null}}},"10":{"name":"(anonymous_23)","decl":{"start":{"line":91,"column":30},"end":{"line":91,"column":33}},"loc":{"start":{"line":91,"column":37},"end":{"line":91,"column":95}}},"11":{"name":"(anonymous_24)","decl":{"start":{"line":93,"column":54},"end":{"line":93,"column":57}},"loc":{"start":{"line":93,"column":61},"end":{"line":93,"column":75}}},"12":{"name":"(anonymous_25)","decl":{"start":{"line":105,"column":39},"end":{"line":105,"column":42}},"loc":{"start":{"line":105,"column":46},"end":{"line":105,"column":114}}},"13":{"name":"(anonymous_26)","decl":{"start":{"line":107,"column":73},"end":{"line":107,"column":76}},"loc":{"start":{"line":107,"column":80},"end":{"line":107,"column":94}}},"14":{"name":"(anonymous_27)","decl":{"start":{"line":113,"column":10},"end":{"line":113,"column":19}},"loc":{"start":{"line":113,"column":38},"end":{"line":144,"column":null}}},"15":{"name":"(anonymous_29)","decl":{"start":{"line":115,"column":41},"end":{"line":115,"column":46}},"loc":{"start":{"line":115,"column":50},"end":{"line":115,"column":58}}},"16":{"name":"(anonymous_30)","decl":{"start":{"line":124,"column":58},"end":{"line":124,"column":62}},"loc":{"start":{"line":124,"column":66},"end":{"line":124,"column":81}}},"17":{"name":"(anonymous_31)","decl":{"start":{"line":125,"column":70},"end":{"line":125,"column":74}},"loc":{"start":{"line":125,"column":78},"end":{"line":125,"column":93}}},"18":{"name":"(anonymous_32)","decl":{"start":{"line":126,"column":66},"end":{"line":126,"column":70}},"loc":{"start":{"line":126,"column":74},"end":{"line":126,"column":89}}},"19":{"name":"(anonymous_33)","decl":{"start":{"line":127,"column":78},"end":{"line":127,"column":82}},"loc":{"start":{"line":127,"column":86},"end":{"line":127,"column":101}}},"20":{"name":"(anonymous_34)","decl":{"start":{"line":129,"column":42},"end":{"line":129,"column":47}},"loc":{"start":{"line":129,"column":50},"end":{"line":143,"column":9}}}},"branchMap":{"0":{"loc":{"start":{"line":46,"column":8},"end":{"line":48,"column":null}},"type":"if","locations":[{"start":{"line":46,"column":8},"end":{"line":48,"column":null}}]},"1":{"loc":{"start":{"line":74,"column":22},"end":{"line":74,"column":79}},"type":"cond-expr","locations":[{"start":{"line":74,"column":34},"end":{"line":74,"column":67}},{"start":{"line":74,"column":70},"end":{"line":74,"column":79}}]},"2":{"loc":{"start":{"line":89,"column":8},"end":{"line":94,"column":null}},"type":"if","locations":[{"start":{"line":89,"column":8},"end":{"line":94,"column":null}}]},"3":{"loc":{"start":{"line":95,"column":8},"end":{"line":109,"column":null}},"type":"if","locations":[{"start":{"line":95,"column":8},"end":{"line":109,"column":null}}]},"4":{"loc":{"start":{"line":103,"column":12},"end":{"line":108,"column":null}},"type":"if","locations":[{"start":{"line":103,"column":12},"end":{"line":108,"column":null}}]},"5":{"loc":{"start":{"line":133,"column":12},"end":{"line":135,"column":null}},"type":"if","locations":[{"start":{"line":133,"column":12},"end":{"line":135,"column":null}}]},"6":{"loc":{"start":{"line":136,"column":12},"end":{"line":141,"column":null}},"type":"if","locations":[{"start":{"line":136,"column":12},"end":{"line":141,"column":null}}]},"7":{"loc":{"start":{"line":138,"column":16},"end":{"line":140,"column":null}},"type":"if","locations":[{"start":{"line":138,"column":16},"end":{"line":140,"column":null}}]}},"s":{"0":2,"1":2,"2":2,"3":2,"4":2,"5":2,"6":2,"7":0,"8":0,"9":0,"10":0,"11":0,"12":0,"13":0,"14":2,"15":4,"16":4,"17":4,"18":4,"19":4,"20":0,"21":0,"22":1,"23":1,"24":1,"25":1,"26":1,"27":1,"28":1,"29":1,"30":1,"31":1,"32":0,"33":0,"34":0,"35":0,"36":1,"37":0,"38":0,"39":0,"40":0,"41":0,"42":0,"43":0,"44":0,"45":0,"46":1,"47":1,"48":1,"49":1,"50":1,"51":1,"52":1,"53":1,"54":1,"55":1,"56":1,"57":1,"58":0,"59":1,"60":0,"61":1,"62":0,"63":1,"64":1,"65":1,"66":1,"67":0,"68":1,"69":0,"70":0,"71":0,"72":1,"73":2,"74":2},"f":{"0":2,"1":0,"2":0,"3":0,"4":0,"5":0,"6":4,"7":0,"8":0,"9":1,"10":0,"11":0,"12":0,"13":0,"14":1,"15":1,"16":1,"17":0,"18":0,"19":0,"20":1},"b":{"0":[0],"1":[0,0],"2":[0],"3":[0],"4":[0],"5":[0],"6":[0],"7":[0]}}
,"/home/dracks/Documents/devel/mr-scrooge/src/server/graphs/services/label.service.ts": {"path":"/home/dracks/Documents/devel/mr-scrooge/src/server/graphs/services/label.service.ts","statementMap":{"0":{"start":{"line":1,"column":0},"end":{"line":1,"column":44}},"1":{"start":{"line":2,"column":0},"end":{"line":2,"column":48}},"2":{"start":{"line":4,"column":0},"end":{"line":4,"column":54}},"3":{"start":{"line":6,"column":0},"end":{"line":6,"column":82}},"4":{"start":{"line":9,"column":7},"end":{"line":28,"column":null}},"5":{"start":{"line":11,"column":50},"end":{"line":11,"column":74}},"6":{"start":{"line":12,"column":61},"end":{"line":12,"column":107}},"7":{"start":{"line":16,"column":12},"end":{"line":16,"column":44}},"8":{"start":{"line":20,"column":12},"end":{"line":20,"column":66}},"9":{"start":{"line":25,"column":27},"end":{"line":25,"column":84}},"10":{"start":{"line":26,"column":12},"end":{"line":26,"column":57}},"11":{"start":{"line":26,"column":39},"end":{"line":26,"column":55}},"12":{"start":{"line":9,"column":13},"end":{"line":28,"column":null}},"13":{"start":{"line":9,"column":13},"end":{"line":9,"column":25}}},"fnMap":{"0":{"name":"(anonymous_11)","decl":{"start":{"line":10,"column":4},"end":{"line":10,"column":null}},"loc":{"start":{"line":12,"column":107},"end":{"line":13,"column":12}}},"1":{"name":"(anonymous_12)","decl":{"start":{"line":15,"column":14},"end":{"line":15,"column":25}},"loc":{"start":{"line":15,"column":63},"end":{"line":17,"column":null}}},"2":{"name":"(anonymous_14)","decl":{"start":{"line":19,"column":14},"end":{"line":19,"column":28}},"loc":{"start":{"line":19,"column":88},"end":{"line":21,"column":null}}},"3":{"name":"(anonymous_16)","decl":{"start":{"line":24,"column":14},"end":{"line":24,"column":20}},"loc":{"start":{"line":24,"column":39},"end":{"line":27,"column":null}}},"4":{"name":"(anonymous_18)","decl":{"start":{"line":26,"column":30},"end":{"line":26,"column":35}},"loc":{"start":{"line":26,"column":39},"end":{"line":26,"column":55}}}},"branchMap":{},"s":{"0":2,"1":2,"2":2,"3":2,"4":2,"5":4,"6":4,"7":3,"8":0,"9":1,"10":1,"11":2,"12":2,"13":2},"f":{"0":4,"1":3,"2":0,"3":1,"4":2},"b":{}}
,"/home/dracks/Documents/devel/mr-scrooge/src/server/graphs/test-data/graph.factory.ts": {"path":"/home/dracks/Documents/devel/mr-scrooge/src/server/graphs/test-data/graph.factory.ts","statementMap":{"0":{"start":{"line":1,"column":0},"end":{"line":1,"column":38}},"1":{"start":{"line":2,"column":0},"end":{"line":2,"column":62}},"2":{"start":{"line":5,"column":13},"end":{"line":14,"column":null}},"3":{"start":{"line":6,"column":32},"end":{"line":6,"column":34}},"4":{"start":{"line":9,"column":36},"end":{"line":9,"column":51}}},"fnMap":{"0":{"name":"(anonymous_6)","decl":{"start":{"line":6,"column":26},"end":{"line":6,"column":28}},"loc":{"start":{"line":6,"column":32},"end":{"line":6,"column":34}}},"1":{"name":"(anonymous_7)","decl":{"start":{"line":9,"column":28},"end":{"line":9,"column":32}},"loc":{"start":{"line":9,"column":36},"end":{"line":9,"column":51}}}},"branchMap":{},"s":{"0":1,"1":1,"2":1,"3":1,"4":1},"f":{"0":1,"1":1},"b":{}}
,"/home/dracks/Documents/devel/mr-scrooge/src/server/graphs/test-data/label.factory.ts": {"path":"/home/dracks/Documents/devel/mr-scrooge/src/server/graphs/test-data/label.factory.ts","statementMap":{"0":{"start":{"line":1,"column":0},"end":{"line":1,"column":38}},"1":{"start":{"line":5,"column":13},"end":{"line":9,"column":3}},"2":{"start":{"line":6,"column":32},"end":{"line":6,"column":34}},"3":{"start":{"line":8,"column":36},"end":{"line":8,"column":51}}},"fnMap":{"0":{"name":"(anonymous_6)","decl":{"start":{"line":6,"column":26},"end":{"line":6,"column":28}},"loc":{"start":{"line":6,"column":32},"end":{"line":6,"column":34}}},"1":{"name":"(anonymous_7)","decl":{"start":{"line":8,"column":28},"end":{"line":8,"column":32}},"loc":{"start":{"line":8,"column":36},"end":{"line":8,"column":51}}}},"branchMap":{},"s":{"0":1,"1":1,"2":3,"3":3},"f":{"0":3,"1":3},"b":{}}
,"/home/dracks/Documents/devel/mr-scrooge/src/server/session/db-query.ts": {"path":"/home/dracks/Documents/devel/mr-scrooge/src/server/session/db-query.ts","statementMap":{"0":{"start":{"line":1,"column":0},"end":{"line":1,"column":30}},"1":{"start":{"line":4,"column":28},"end":{"line":6,"column":2}},"2":{"start":{"line":4,"column":90},"end":{"line":6,"column":2}},"3":{"start":{"line":4,"column":13},"end":{"line":4,"column":28}}},"fnMap":{"0":{"name":"(anonymous_0)","decl":{"start":{"line":4,"column":28},"end":{"line":4,"column":29}},"loc":{"start":{"line":4,"column":90},"end":{"line":6,"column":2}}}},"branchMap":{},"s":{"0":3,"1":3,"2":4,"3":3},"f":{"0":4},"b":{}}
,"/home/dracks/Documents/devel/mr-scrooge/src/server/session/session.module.ts": {"path":"/home/dracks/Documents/devel/mr-scrooge/src/server/session/session.module.ts","statementMap":{"0":{"start":{"line":1,"column":0},"end":{"line":1,"column":40}},"1":{"start":{"line":2,"column":0},"end":{"line":2,"column":52}},"2":{"start":{"line":4,"column":0},"end":{"line":4,"column":54}},"3":{"start":{"line":5,"column":0},"end":{"line":5,"column":54}},"4":{"start":{"line":6,"column":0},"end":{"line":6,"column":66}},"5":{"start":{"line":7,"column":0},"end":{"line":7,"column":48}},"6":{"start":{"line":8,"column":0},"end":{"line":8,"column":63}},"7":{"start":{"line":9,"column":0},"end":{"line":9,"column":62}},"8":{"start":{"line":10,"column":0},"end":{"line":10,"column":60}},"9":{"start":{"line":11,"column":0},"end":{"line":11,"column":69}},"10":{"start":{"line":18,"column":7},"end":{"line":18,"column":null}},"11":{"start":{"line":18,"column":13},"end":{"line":18,"column":null}},"12":{"start":{"line":18,"column":13},"end":{"line":18,"column":26}}},"fnMap":{},"branchMap":{},"s":{"0":2,"1":2,"2":2,"3":2,"4":2,"5":2,"6":2,"7":2,"8":2,"9":2,"10":2,"11":2,"12":2},"f":{},"b":{}}
,"/home/dracks/Documents/devel/mr-scrooge/src/server/session/decorators/gql-groups-id.ts": {"path":"/home/dracks/Documents/devel/mr-scrooge/src/server/session/decorators/gql-groups-id.ts","statementMap":{"0":{"start":{"line":1,"column":0},"end":{"line":1,"column":42}},"1":{"start":{"line":3,"column":27},"end":{"line":3,"column":50}},"2":{"start":{"line":3,"column":31},"end":{"line":3,"column":50}},"3":{"start":{"line":3,"column":13},"end":{"line":3,"column":27}}},"fnMap":{"0":{"name":"(anonymous_0)","decl":{"start":{"line":3,"column":27},"end":{"line":3,"column":29}},"loc":{"start":{"line":3,"column":31},"end":{"line":3,"column":50}}}},"branchMap":{},"s":{"0":4,"1":4,"2":6,"3":4},"f":{"0":6},"b":{}}
,"/home/dracks/Documents/devel/mr-scrooge/src/server/session/decorators/groups-id.ts": {"path":"/home/dracks/Documents/devel/mr-scrooge/src/server/session/decorators/groups-id.ts","statementMap":{"0":{"start":{"line":1,"column":0},"end":{"line":1,"column":72}},"1":{"start":{"line":3,"column":13},"end":{"line":8,"column":4}},"2":{"start":{"line":5,"column":22},"end":{"line":5,"column":53}},"3":{"start":{"line":6,"column":6},"end":{"line":6,"column":30}}},"fnMap":{"0":{"name":"(anonymous_0)","decl":{"start":{"line":4,"column":4},"end":{"line":4,"column":5}},"loc":{"start":{"line":4,"column":45},"end":{"line":7,"column":5}}}},"branchMap":{},"s":{"0":1,"1":1,"2":1,"3":1},"f":{"0":1},"b":{}}
,"/home/dracks/Documents/devel/mr-scrooge/src/server/session/gql-objects/my-profile.object.ts": {"path":"/home/dracks/Documents/devel/mr-scrooge/src/server/session/gql-objects/my-profile.object.ts","statementMap":{"0":{"start":{"line":1,"column":0},"end":{"line":1,"column":52}},"1":{"start":{"line":4,"column":7},"end":{"line":16,"column":null}},"2":{"start":{"line":5,"column":4},"end":{"line":6,"column":null}},"3":{"start":{"line":5,"column":17},"end":{"line":5,"column":23}},"4":{"start":{"line":8,"column":4},"end":{"line":9,"column":null}},"5":{"start":{"line":8,"column":17},"end":{"line":8,"column":23}},"6":{"start":{"line":11,"column":4},"end":{"line":12,"column":null}},"7":{"start":{"line":11,"column":17},"end":{"line":11,"column":23}},"8":{"start":{"line":14,"column":4},"end":{"line":15,"column":null}},"9":{"start":{"line":14,"column":17},"end":{"line":14,"column":23}},"10":{"start":{"line":4,"column":13},"end":{"line":16,"column":null}},"11":{"start":{"line":4,"column":13},"end":{"line":4,"column":22}}},"fnMap":{"0":{"name":"(anonymous_2)","decl":{"start":{"line":5,"column":11},"end":{"line":5,"column":14}},"loc":{"start":{"line":5,"column":17},"end":{"line":5,"column":23}}},"1":{"name":"(anonymous_3)","decl":{"start":{"line":8,"column":11},"end":{"line":8,"column":14}},"loc":{"start":{"line":8,"column":17},"end":{"line":8,"column":23}}},"2":{"name":"(anonymous_4)","decl":{"start":{"line":11,"column":11},"end":{"line":11,"column":14}},"loc":{"start":{"line":11,"column":17},"end":{"line":11,"column":23}}},"3":{"name":"(anonymous_5)","decl":{"start":{"line":14,"column":11},"end":{"line":14,"column":14}},"loc":{"start":{"line":14,"column":17},"end":{"line":14,"column":23}}}},"branchMap":{},"s":{"0":2,"1":2,"2":2,"3":24,"4":2,"5":24,"6":2,"7":24,"8":2,"9":24,"10":2,"11":2},"f":{"0":24,"1":24,"2":24,"3":24},"b":{}}
,"/home/dracks/Documents/devel/mr-scrooge/src/server/session/guard/auth.guard.ts": {"path":"/home/dracks/Documents/devel/mr-scrooge/src/server/session/guard/auth.guard.ts","statementMap":{"0":{"start":{"line":3,"column":0},"end":{"line":3,"column":83}},"1":{"start":{"line":4,"column":0},"end":{"line":4,"column":41}},"2":{"start":{"line":5,"column":0},"end":{"line":5,"column":41}},"3":{"start":{"line":8,"column":0},"end":{"line":8,"column":50}},"4":{"start":{"line":10,"column":0},"end":{"line":10,"column":61}},"5":{"start":{"line":11,"column":0},"end":{"line":11,"column":70}},"6":{"start":{"line":12,"column":0},"end":{"line":12,"column":41}},"7":{"start":{"line":15,"column":22},"end":{"line":68,"column":null}},"8":{"start":{"line":21,"column":16},"end":{"line":21,"column":32}},"9":{"start":{"line":22,"column":16},"end":{"line":22,"column":36}},"10":{"start":{"line":23,"column":16},"end":{"line":23,"column":27}},"11":{"start":{"line":24,"column":17},"end":{"line":24,"column":25}},"12":{"start":{"line":16,"column":13},"end":{"line":16,"column":49}},"13":{"start":{"line":26,"column":8},"end":{"line":30,"column":null}},"14":{"start":{"line":27,"column":12},"end":{"line":27,"column":59}},"15":{"start":{"line":27,"column":38},"end":{"line":27,"column":58}},"16":{"start":{"line":29,"column":12},"end":{"line":29,"column":56}},"17":{"start":{"line":29,"column":38},"end":{"line":29,"column":55}},"18":{"start":{"line":34,"column":22},"end":{"line":34,"column":85}},"19":{"start":{"line":35,"column":8},"end":{"line":35,"column":49}},"20":{"start":{"line":37,"column":8},"end":{"line":39,"column":null}},"21":{"start":{"line":38,"column":12},"end":{"line":38,"column":24}},"22":{"start":{"line":41,"column":24},"end":{"line":41,"column":59}},"23":{"start":{"line":43,"column":26},"end":{"line":43,"column":33}},"24":{"start":{"line":44,"column":8},"end":{"line":44,"column":65}},"25":{"start":{"line":44,"column":22},"end":{"line":44,"column":65}},"26":{"start":{"line":45,"column":36},"end":{"line":45,"column":56}},"27":{"start":{"line":47,"column":28},"end":{"line":47,"column":75}},"28":{"start":{"line":48,"column":8},"end":{"line":48,"column":55}},"29":{"start":{"line":49,"column":8},"end":{"line":49,"column":null}},"30":{"start":{"line":50,"column":8},"end":{"line":64,"column":null}},"31":{"start":{"line":52,"column":25},"end":{"line":52,"column":89}},"32":{"start":{"line":53,"column":12},"end":{"line":62,"column":null}},"33":{"start":{"line":54,"column":36},"end":{"line":54,"column":61}},"34":{"start":{"line":55,"column":16},"end":{"line":61,"column":null}},"35":{"start":{"line":56,"column":20},"end":{"line":56,"column":null}},"36":{"start":{"line":57,"column":20},"end":{"line":59,"column":null}},"37":{"start":{"line":58,"column":24},"end":{"line":58,"column":57}},"38":{"start":{"line":60,"column":20},"end":{"line":60,"column":32}},"39":{"start":{"line":63,"column":12},"end":{"line":63,"column":61}},"40":{"start":{"line":65,"column":8},"end":{"line":65,"column":null}},"41":{"start":{"line":66,"column":8},"end":{"line":66,"column":21}},"42":{"start":{"line":15,"column":13},"end":{"line":68,"column":null}},"43":{"start":{"line":15,"column":13},"end":{"line":15,"column":22}}},"fnMap":{"0":{"name":"(anonymous_9)","decl":{"start":{"line":20,"column":4},"end":{"line":20,"column":null}},"loc":{"start":{"line":24,"column":31},"end":{"line":31,"column":5}}},"1":{"name":"(anonymous_10)","decl":{"start":{"line":27,"column":27},"end":{"line":27,"column":34}},"loc":{"start":{"line":27,"column":38},"end":{"line":27,"column":58}}},"2":{"name":"(anonymous_11)","decl":{"start":{"line":29,"column":27},"end":{"line":29,"column":34}},"loc":{"start":{"line":29,"column":38},"end":{"line":29,"column":55}}},"3":{"name":"(anonymous_12)","decl":{"start":{"line":33,"column":10},"end":{"line":33,"column":21}},"loc":{"start":{"line":33,"column":47},"end":{"line":67,"column":null}}}},"branchMap":{"0":{"loc":{"start":{"line":26,"column":8},"end":{"line":30,"column":null}},"type":"if","locations":[{"start":{"line":26,"column":8},"end":{"line":30,"column":null}},{"start":{"line":28,"column":15},"end":{"line":30,"column":null}}]},"1":{"loc":{"start":{"line":34,"column":22},"end":{"line":34,"column":85}},"type":"cond-expr","locations":[{"start":{"line":34,"column":79},"end":{"li
[...]
:70,"column":39}},"57":{"start":{"line":88,"column":10},"end":{"line":101,"column":null}},"58":{"start":{"line":86,"column":20},"end":{"line":86,"column":33}},"59":{"start":{"line":104,"column":10},"end":{"line":109,"column":null}},"60":{"start":{"line":103,"column":20},"end":{"line":103,"column":27}},"61":{"start":{"line":65,"column":13},"end":{"line":110,"column":null}},"62":{"start":{"line":65,"column":13},"end":{"line":65,"column":28}}},"fnMap":{"0":{"name":"(anonymous_11)","decl":{"start":{"line":23,"column":11},"end":{"line":23,"column":14}},"loc":{"start":{"line":23,"column":17},"end":{"line":23,"column":23}}},"1":{"name":"(anonymous_12)","decl":{"start":{"line":26,"column":11},"end":{"line":26,"column":14}},"loc":{"start":{"line":26,"column":17},"end":{"line":26,"column":23}}},"2":{"name":"(anonymous_13)","decl":{"start":{"line":44,"column":11},"end":{"line":44,"column":14}},"loc":{"start":{"line":44,"column":17},"end":{"line":44,"column":48}}},"3":{"name":"(anonymous_14)","decl":{"start":{"line":45,"column":4},"end":{"line":45,"column":15}},"loc":{"start":{"line":45,"column":21},"end":{"line":50,"column":5}}},"4":{"name":"(anonymous_15)","decl":{"start":{"line":55,"column":11},"end":{"line":55,"column":14}},"loc":{"start":{"line":55,"column":17},"end":{"line":55,"column":43}}},"5":{"name":"(anonymous_16)","decl":{"start":{"line":56,"column":4},"end":{"line":56,"column":15}},"loc":{"start":{"line":56,"column":21},"end":{"line":61,"column":5}}},"6":{"name":"(anonymous_17)","decl":{"start":{"line":68,"column":4},"end":{"line":68,"column":33}},"loc":{"start":{"line":68,"column":113},"end":{"line":68,"column":117}}},"7":{"name":"(anonymous_18)","decl":{"start":{"line":75,"column":10},"end":{"line":75,"column":24}},"loc":{"start":{"line":75,"column":64},"end":{"line":84,"column":null}}},"8":{"name":"(anonymous_20)","decl":{"start":{"line":88,"column":10},"end":{"line":88,"column":15}},"loc":{"start":{"line":88,"column":103},"end":{"line":101,"column":null}}},"9":{"name":"(anonymous_22)","decl":{"start":{"line":104,"column":10},"end":{"line":104,"column":16}},"loc":{"start":{"line":104,"column":56},"end":{"line":109,"column":null}}},"10":{"name":"(anonymous_24)","decl":{"start":{"line":70,"column":11},"end":{"line":70,"column":18}},"loc":{"start":{"line":70,"column":22},"end":{"line":70,"column":39}}},"11":{"name":"(anonymous_25)","decl":{"start":{"line":86,"column":14},"end":{"line":86,"column":17}},"loc":{"start":{"line":86,"column":20},"end":{"line":86,"column":33}}},"12":{"name":"(anonymous_26)","decl":{"start":{"line":103,"column":14},"end":{"line":103,"column":17}},"loc":{"start":{"line":103,"column":20},"end":{"line":103,"column":27}}}},"branchMap":{"0":{"loc":{"start":{"line":46,"column":8},"end":{"line":48,"column":null}},"type":"if","locations":[{"start":{"line":46,"column":8},"end":{"line":48,"column":null}}]},"1":{"loc":{"start":{"line":46,"column":12},"end":{"line":46,"column":41}},"type":"binary-expr","locations":[{"start":{"line":46,"column":12},"end":{"line":46,"column":23}},{"start":{"line":46,"column":27},"end":{"line":46,"column":41}}]},"2":{"loc":{"start":{"line":57,"column":8},"end":{"line":59,"column":null}},"type":"if","locations":[{"start":{"line":57,"column":8},"end":{"line":59,"column":null}}]},"3":{"loc":{"start":{"line":79,"column":8},"end":{"line":82,"column":null}},"type":"if","locations":[{"start":{"line":79,"column":8},"end":{"line":82,"column":null}}]},"4":{"loc":{"start":{"line":79,"column":12},"end":{"line":79,"column":32}},"type":"binary-expr","locations":[{"start":{"line":79,"column":12},"end":{"line":79,"column":18}},{"start":{"line":79,"column":22},"end":{"line":79,"column":32}}]},"5":{"loc":{"start":{"line":92,"column":8},"end":{"line":97,"column":null}},"type":"if","locations":[{"start":{"line":92,"column":8},"end":{"line":97,"column":null}}]},"6":{"loc":{"start":{"line":106,"column":8},"end":{"line":106,"column":70}},"type":"binary-expr","locations":[{"start":{"line":106,"column":8},"end":{"line":106,"column":17}},{"start":{"line":106,"column":21},"end":{"line":106,"column":69}}]}},"s":{"0":2,"1":2,"2":2,"3":2,"4":2,"5":2,"6":2,"7":2,"8":2,"9":12,"10":2,"11":12,"12":2,"13":2,"14":2,"15":2,"16":2,"17":2,"18":2,"19":2,"20":2,"21":2,"22":2,"23":12,"24":7,"25":6,"26":1,"27":2,"28":12,"29":2,"30":1,"31":1,"32":2,"33":12,"34":12,"35":12,"36":2,"37":2,"38":2,"39":1,"40":1,"41":1,"42":7,"43":7,"44":7,"45":7,"46":6,"47":6,"48":6,"49":6,"50":1,"51":0,"52":0,"53":0,"54":0,"55":2,"56":24,"57":2,"58":24,"59":2,"60":24,"61":2,"62":2},"f":{"0":12,"1":12,"2":12,"3":7,"4":12,"5":2,"6":12,"7":2,"8":7,"9":0,"10":24,"11":24,"12":24},"b":{"0":[6],"1":[7,5],"2":[1],"3":[1],"4":[2,1],"5":[6],"6":[0,0]}}
,"/home/dracks/Documents/devel/mr-scrooge/src/server/session/services/password.service.ts": {"path":"/home/dracks/Documents/devel/mr-scrooge/src/server/session/services/password.service.ts","statementMap":{"0":{"start":{"line":1,"column":0},"end":{"line":1,"column":52}},"1":{"start":{"line":2,"column":0},"end":{"line":2,"column":28}},"2":{"start":{"line":3,"column":0},"end":{"line":3,"column":37}},"3":{"start":{"line":6,"column":7},"end":{"line":38,"column":null}},"4":{"start":{"line":7,"column":21},"end":{"line":7,"column":64}},"5":{"start":{"line":10,"column":8},"end":{"line":10,"column":72}},"6":{"start":{"line":11,"column":8},"end":{"line":11,"column":55}},"7":{"start":{"line":15,"column":8},"end":{"line":15,"column":47}},"8":{"start":{"line":20,"column":60},"end":{"line":20,"column":78}},"9":{"start":{"line":21,"column":37},"end":{"line":21,"column":71}},"10":{"start":{"line":22,"column":27},"end":{"line":22,"column":54}},"11":{"start":{"line":23,"column":8},"end":{"line":35,"column":null}},"12":{"start":{"line":24,"column":28},"end":{"line":31,"column":null}},"13":{"start":{"line":25,"column":16},"end":{"line":31,"column":18}},"14":{"start":{"line":26,"column":20},"end":{"line":30,"column":null}},"15":{"start":{"line":27,"column":24},"end":{"line":27,"column":36}},"16":{"start":{"line":29,"column":24},"end":{"line":29,"column":63}},"17":{"start":{"line":33,"column":12},"end":{"line":33,"column":108}},"18":{"start":{"line":34,"column":12},"end":{"line":34,"column":39}},"19":{"start":{"line":36,"column":8},"end":{"line":36,"column":21}},"20":{"start":{"line":6,"column":13},"end":{"line":38,"column":null}},"21":{"start":{"line":6,"column":13},"end":{"line":6,"column":28}}},"fnMap":{"0":{"name":"(anonymous_9)","decl":{"start":{"line":6,"column":7},"end":{"line":6,"column":13}},"loc":{"start":{"line":6,"column":7},"end":{"line":38,"column":1}}},"1":{"name":"(anonymous_10)","decl":{"start":{"line":9,"column":10},"end":{"line":9,"column":18}},"loc":{"start":{"line":9,"column":52},"end":{"line":12,"column":null}}},"2":{"name":"(anonymous_12)","decl":{"start":{"line":14,"column":10},"end":{"line":14,"column":14}},"loc":{"start":{"line":14,"column":31},"end":{"line":16,"column":null}}},"3":{"name":"(anonymous_14)","decl":{"start":{"line":19,"column":10},"end":{"line":19,"column":24}},"loc":{"start":{"line":19,"column":58},"end":{"line":37,"column":null}}},"4":{"name":"(anonymous_16)","decl":{"start":{"line":24,"column":46},"end":{"line":24,"column":47}},"loc":{"start":{"line":25,"column":16},"end":{"line":31,"column":18}}},"5":{"name":"(anonymous_17)","decl":{"start":{"line":25,"column":96},"end":{"line":25,"column":97}},"loc":{"start":{"line":25,"column":116},"end":{"line":31,"column":17}}}},"branchMap":{"0":{"loc":{"start":{"line":21,"column":37},"end":{"line":21,"column":71}},"type":"cond-expr","locations":[{"start":{"line":21,"column":65},"end":{"line":21,"column":69}},{"start":{"line":21,"column":69},"end":{"line":21,"column":71}}]},"1":{"loc":{"start":{"line":21,"column":37},"end":{"line":21,"column":69}},"type":"binary-expr","locations":[{"start":{"line":21,"column":37},"end":{"line":21,"column":69}},{"start":{"line":21,"column":65},"end":{"line":21,"column":69}}]},"2":{"loc":{"start":{"line":23,"column":8},"end":{"line":35,"column":null}},"type":"if","locations":[{"start":{"line":23,"column":8},"end":{"line":35,"column":null}}]},"3":{"loc":{"start":{"line":26,"column":20},"end":{"line":30,"column":null}},"type":"if","locations":[{"start":{"line":26,"column":20},"end":{"line":30,"column":null}},{"start":{"line":28,"column":27},"end":{"line":30,"column":null}}]}},"s":{"0":2,"1":2,"2":2,"3":2,"4":12,"5":6,"6":6,"7":14,"8":0,"9":0,"10":0,"11":0,"12":0,"13":0,"14":0,"15":0,"16":0,"17":0,"18":0,"19":0,"20":2,"21":2},"f":{"0":12,"1":6,"2":14,"3":0,"4":0,"5":0},"b":{"0":[0,0],"1":[0,0],"2":[0],"3":[0,0]}}
,"/home/dracks/Documents/devel/mr-scrooge/src/server/session/services/session.service.ts": {"path":"/home/dracks/Documents/devel/mr-scrooge/src/server/session/services/session.service.ts","statementMap":{"0":{"start":{"line":1,"column":0},"end":{"line":1,"column":52}},"1":{"start":{"line":2,"column":0},"end":{"line":2,"column":48}},"2":{"start":{"line":3,"column":0},"end":{"line":3,"column":35}},"3":{"start":{"line":6,"column":0},"end":{"line":6,"column":70}},"4":{"start":{"line":7,"column":0},"end":{"line":7,"column":61}},"5":{"start":{"line":10,"column":7},"end":{"line":48,"column":null}},"6":{"start":{"line":14,"column":52},"end":{"line":14,"column":90}},"7":{"start":{"line":15,"column":49},"end":{"line":15,"column":81}},"8":{"start":{"line":11,"column":21},"end":{"line":11,"column":64}},"9":{"start":{"line":19,"column":26},"end":{"line":19,"column":46}},"10":{"start":{"line":23,"column":24},"end":{"line":29,"column":10}},"11":{"start":{"line":30,"column":8},"end":{"line":30,"column":23}},"12":{"start":{"line":35,"column":24},"end":{"line":35,"column":86}},"13":{"start":{"line":36,"column":8},"end":{"line":42,"column":null}},"14":{"start":{"line":41,"column":12},"end":{"line":41,"column":38}},"15":{"start":{"line":46,"column":8},"end":{"line":46,"column":71}},"16":{"start":{"line":10,"column":13},"end":{"line":48,"column":null}},"17":{"start":{"line":10,"column":13},"end":{"line":10,"column":27}}},"fnMap":{"0":{"name":"(anonymous_12)","decl":{"start":{"line":13,"column":4},"end":{"line":13,"column":null}},"loc":{"start":{"line":15,"column":81},"end":{"line":16,"column":8}}},"1":{"name":"(anonymous_13)","decl":{"start":{"line":18,"column":17},"end":{"line":18,"column":27}},"loc":{"start":{"line":18,"column":44},"end":{"line":31,"column":null}}},"2":{"name":"(anonymous_15)","decl":{"start":{"line":33,"column":17},"end":{"line":33,"column":27}},"loc":{"start":{"line":33,"column":45},"end":{"line":43,"column":null}}},"3":{"name":"(anonymous_17)","decl":{"start":{"line":45,"column":17},"end":{"line":45,"column":28}},"loc":{"start":{"line":45,"column":46},"end":{"line":47,"column":null}}}},"branchMap":{"0":{"loc":{"start":{"line":36,"column":8},"end":{"line":42,"column":null}},"type":"if","locations":[{"start":{"line":36,"column":8},"end":{"line":42,"column":null}}]}},"s":{"0":2,"1":2,"2":2,"3":2,"4":2,"5":2,"6":12,"7":12,"8":12,"9":6,"10":6,"11":6,"12":7,"13":7,"14":4,"15":0,"16":2,"17":2},"f":{"0":12,"1":6,"2":7,"3":0},"b":{"0":[4]}}
,"/home/dracks/Documents/devel/mr-scrooge/src/server/session/services/user-profile.service.ts": {"path":"/home/dracks/Documents/devel/mr-scrooge/src/server/session/services/user-profile.service.ts","statementMap":{"0":{"start":{"line":1,"column":0},"end":{"line":1,"column":52}},"1":{"start":{"line":2,"column":0},"end":{"line":2,"column":48}},"2":{"start":{"line":3,"column":0},"end":{"line":3,"column":38}},"3":{"start":{"line":5,"column":0},"end":{"line":5,"column":55}},"4":{"start":{"line":6,"column":0},"end":{"line":6,"column":67}},"5":{"start":{"line":7,"column":0},"end":{"line":7,"column":61}},"6":{"start":{"line":8,"column":0},"end":{"line":8,"column":53}},"7":{"start":{"line":10,"column":19},"end":{"line":10,"column":71}},"8":{"start":{"line":12,"column":115},"end":{"line":19,"column":2}},"9":{"start":{"line":22,"column":7},"end":{"line":127,"column":null}},"10":{"start":{"line":26,"column":49},"end":{"line":26,"column":76}},"11":{"start":{"line":27,"column":54},"end":{"line":27,"column":91}},"12":{"start":{"line":28,"column":57},"end":{"line":28,"column":100}},"13":{"start":{"line":29,"column":17},"end":{"line":29,"column":34}},"14":{"start":{"line":23,"column":21},"end":{"line":23,"column":64}},"15":{"start":{"line":33,"column":8},"end":{"line":33,"column":54}},"16":{"start":{"line":34,"column":21},"end":{"line":34,"column":76}},"17":{"start":{"line":36,"column":8},"end":{"line":36,"column":33}},"18":{"start":{"line":40,"column":8},"end":{"line":40,"column":50}},"19":{"start":{"line":41,"column":23},"end":{"line":41,"column":78}},"20":{"start":{"line":42,"column":8},"end":{"line":44,"column":null}},"21":{"start":{"line":43,"column":12},"end":{"line":43,"column":24}},"22":{"start":{"line":45,"column":8},"end":{"line":45,"column":21}},"23":{"start":{"line":49,"column":8},"end":{"line":49,"column":64}},"24":{"start":{"line":50,"column":22},"end":{"line":52,"column":10}},"25":{"start":{"line":54,"column":21},"end":{"line":70,"column":10}},"26":{"start":{"line":54,"column":74},"end":{"line":70,"column":10}},"27":{"start":{"line":55,"column":26},"end":{"line":55,"column":31}},"28":{"start":{"line":56,"column":12},"end":{"line":67,"column":null}},"29":{"start":{"line":57,"column":16},"end":{"line":66,"column":null}},"30":{"start":{"line":58,"column":20},"end":{"line":58,"column":74}},"31":{"start":{"line":60,"column":20},"end":{"line":60,"column":91}},"32":{"start":{"line":61,"column":20},"end":{"line":63,"column":null}},"33":{"start":{"line":62,"column":24},"end":{"line":62,"column":61}},"34":{"start":{"line":65,"column":20},"end":{"line":65,"column":85}},"35":{"start":{"line":68,"column":12},"end":{"line":68,"column":60}},"36":{"start":{"line":69,"column":12},"end":{"line":69,"column":27}},"37":{"start":{"line":71,"column":8},"end":{"line":71,"column":20}},"38":{"start":{"line":75,"column":21},"end":{"line":75,"column":76}},"39":{"start":{"line":76,"column":8},"end":{"line":79,"column":null}},"40":{"start":{"line":77,"column":12},"end":{"line":77,"column":56}},"41":{"start":{"line":78,"column":12},"end":{"line":78,"column":24}},"42":{"start":{"line":80,"column":8},"end":{"line":80,"column":21}},"43":{"start":{"line":84,"column":24},"end":{"line":84,"column":65}},"44":{"start":{"line":85,"column":8},"end":{"line":85,"column":86}},"45":{"start":{"line":93,"column":8},"end":{"line":93,"column":59}},"46":{"start":{"line":94,"column":31},"end":{"line":94,"column":72}},"47":{"start":{"line":95,"column":21},"end":{"line":100,"column":null}},"48":{"start":{"line":102,"column":8},"end":{"line":102,"column":58}},"49":{"start":{"line":103,"column":22},"end":{"line":103,"column":71}},"50":{"start":{"line":104,"column":8},"end":{"line":104,"column":39}},"51":{"start":{"line":105,"column":8},"end":{"line":105,"column":26}},"52":{"start":{"line":106,"column":8},"end":{"line":106,"column":57}},"53":{"start":{"line":110,"column":22},"end":{"line":113,"column":10}},"54":{"start":{"line":115,"column":8},"end":{"line":118,"column":null}},"55":{"start":{"line":120,"column":8},"end":{"line":120,"column":32}},"56":{"start":{"line":124,"column":30},"end":{"line":124,"column":85}},"57":{"start":{"line":125,"column":8},"end":{"line":125,"column":86}},"58":{"start":{"line":125,"column":49},"end":{"line":125,"column":84}},"59":{"start":{"line":22,"column":13},"end":{"line":127,"column":null}},"60":{"start":{"line":22,"column":13},"end":{"line":22,"column":31}}},"fnMap":{"0":{"name":"(anonymous_11)","decl":{"start":{"line":25,"column":4},"end":{"line":25,"column":null}},"loc":{"start":{"line":29,"column":49},"end":{"line":30,"column":8}}},"1":{"name":"(anonymous_12)","decl":{"start":{"line":32,"column":17},"end":{"line":32,"column":31}},"loc":{"start":{"line":32,"column":46},"end":{"line":37,"column":null}}},"2":{"name":"(anonymous_14)","decl":{"start":{"line":39,"column":17},"end":{"line":39,"column":27}},"loc":{"start":{"line":39,"column":42},"end":{"line":46,"column":null}}},"3":{"name":"(anonymous_16)","decl":{"start":{"line":48,"column":17},"end":{"line":48,"column":29}},"loc":{"start":{"line":48,"column":64},"end":{"line":72,"column":null}}},"4":{"name":"(anonymous_18)","decl":{"start":{"line":54,"column":38},"end":{"line":54,"column":45}},"loc":{"start":{"line":54,"column":74},"end":{"line":70,"column":10}}},"5":{"name":"(anonymous_19)","decl":{"start":{"line":54,"column":74},"end":{"line":54,"column":null}},"loc":{"start":{"line":54,"column":74},"end":{"line":70,"column":9}}},"6":{"name":"(anonymous_20)","decl":{"start":{"line":74,"column":17},"end":{"line":74,"column":31}},"loc":{"start":{"line":74,"column":88},"end":{"line":81,"column":null}}},"7":{"name":"(anonymous_22)","decl":{"start":{"line":83,"column":18},"end":{"line":83,"column":29}},"loc":{"start":{"line":83,"column":62},"end":{"line":86,"column":null}}},"8":{"name":"(anonymous_24)","decl":{"start":{"line":88,"column":17},"end":{"line":88,"column":24}},"loc":{"start":{"line":91,"column":72},"end":{"line":107,"column":null}}},"9":{"name":"(anonymous_26)","decl":{"start":{"line":109,"column":17},"end":{"line":109,"column":25}},"loc":{"start":{"line":109,"column":58},"end":{"line":121,"column":null}}},"10":{"name":"(anonymous_28)","decl":{"start":{"line":123,"column":17},"end":{"line":123,"column":28}},"loc":{"start":{"line":123,"column":43},"end":{"line":126,"column":null}}},"11":{"name":"(anonymous_30)","decl":{"start":{"line":125,"column":33},"end":{"line":125,"column":45}},"loc":{"start":{"line":125,"column":49},"end":{"line":125,"column":84}}}},"branchMap":{"0":{"loc":{"start":{"line":36,"column":15},"end":{"line":36,"column":32}},"type":"cond-expr","locations":[{"start":{"line":36,"column":15},"end":{"line":36,"column":19}},{"start":{"line":36,"column":23},"end":{"line":36,"column":32}}]},"1":{"loc":{"start":{"line":36,"column":15},"end":{"line":36,"column":23}},"type":"binary-expr","locations":[{"start":{"line":36,"column":15},"end":{"line":36,"column":23}},{"start":{"line":36,"column":15},"end":{"line":36,"column":23}}]},"2":{"loc":{"start":{"line":42,"column":8},"end":{"line":44,"column":null}},"type":"if","locations":[{"start":{"line":42,"column":8},"end":{"line":44,"column":null}}]},"3":{"loc":{"start":{"line":56,"column":12},"end":{"line":67,"column":null}},"type":"if","locations":[{"start":{"line":56,"column":12},"end":{"line":67,"column":null}}]},"4":{"loc":{"start":{"line":57,"column":16},"end":{"line":66,"column":null}},"type":"if","locations":[{"start":{"line":57,"column":16},"end":{"line":66,"column":null}},{"start":{"line":64,"column":23},"end":{"line":66,"column":null}}]},"5":{"loc":{"start":{"line":61,"column":20},"end":{"line":63,"column":null}},"type":"if","locations":[{"start":{"line":61,"column":20},"end":{"line":63,"column":null}}]},"6":{"loc":{"start":{"line":76,"column":8},"end":{"line":79,"column":null}},"type":"if","locations":[{"start":{"line":76,"column":8},"end":{"line":79,"column":null}}]},"7":{"loc":{"start":{"line":76,"column":12},"end":{"line":76,"column":85}},"type":"binary-expr","locations":[{"start":{"line":76,"column":12},"end":{"line":76,"column":16}},{"start":{"line":76,"column":21},"end":{"line":76,"column":84}}]},"8":{"loc":{"start":{"line":91,"column":8},"end":{"line":91,"column":72}},"type":"default-arg","locations":[{"start":{"line":91,"column":70},"end":{"line":91,"column":72}}]}},"s":{"0":2,"1":2,"2":2,"3":2,"4":2,"5":2,"6":2,"7":2,"8":2,"9":2,"10":12,"11":12,"12":12,"13":12,"14":12,"15":5,"16":5,"17":5,"18":0,"19":0,"20":0,"21":0,"22":0,"23":7,"24":7,"25":7,"26":6,"27":6,"28":6,"29":6,"30":0,"31":0,"32":0,"33":0,"34":6,"35":6,"36":6,"37":7,"38":0,"39":0,"40":0,"41":0,"42":0,"43":0,"44":0,"45":14,"46":14,"47":14,"48":14,"49":14,"50":14,"51":14,"52":14,"53":16,"54":16,"55":16,"56":3,"57":3,"58":5,"59":2,"60":2},"f":{"0":12,"1":5,"2":0,"3":7,"4":6,"5":6,"6":0,"7":0,"8":14,"9":16,"10":3,"11":5},"b":{"0":[5,0],"1":[5,5],"2":[0],"3":[6],"4":[0,6],"5":[0],"6":[0],"7":[0,0],"8":[2]}}
}
