TN:
SF:src/server/bank-transaction/bank-transaction.module.ts
FNF:0
FNH:0
DA:1,1
DA:2,1
DA:4,1
DA:5,1
DA:6,1
DA:13,1
LF:6
LH:6
BRF:0
BRH:0
end_of_record
TN:
SF:src/server/bank-transaction/bank-transaction.resolver.ts
FN:11,(anonymous_11)
FN:14,(anonymous_12)
FN:22,(anonymous_13)
FN:25,(anonymous_14)
FN:32,(anonymous_16)
FN:24,(anonymous_17)
FN:28,(anonymous_18)
FN:18,(anonymous_19)
FNF:8
FNH:8
FNDA:6,(anonymous_11)
FNDA:6,(anonymous_12)
FNDA:3,(anonymous_13)
FNDA:2,(anonymous_14)
FNDA:8,(anonymous_16)
FNDA:6,(anonymous_17)
FNDA:3,(anonymous_18)
FNDA:2,(anonymous_19)
DA:1,1
DA:2,1
DA:4,1
DA:5,1
DA:6,1
DA:7,1
DA:10,1
DA:11,6
DA:14,6
DA:18,2
DA:19,1
DA:20,3
DA:22,3
DA:24,6
DA:25,1
DA:28,3
DA:30,2
DA:31,2
DA:32,8
LF:19
LH:19
BRDA:35,0,0,0
BRDA:35,0,1,8
BRF:2
BRH:1
end_of_record
TN:
SF:src/server/bank-transaction/bank-transaction.service.ts
FN:16,(anonymous_17)
FN:18,(anonymous_18)
FN:51,(anonymous_20)
FN:56,(anonymous_21)
FN:58,(anonymous_23)
FN:66,(anonymous_24)
FNF:6
FNH:5
FNDA:3,(anonymous_17)
FNDA:2,(anonymous_18)
FNDA:8,(anonymous_20)
FNDA:2,(anonymous_21)
FNDA:2,(anonymous_23)
FNDA:0,(anonymous_24)
DA:1,1
DA:2,1
DA:3,1
DA:6,1
DA:7,1
DA:8,1
DA:11,1
DA:12,3
DA:14,3
DA:16,3
DA:19,2
DA:21,2
DA:22,1
DA:23,1
DA:24,1
DA:30,1
DA:35,1
DA:38,2
DA:40,2
DA:48,2
DA:50,2
DA:51,8
DA:57,2
DA:60,2
DA:67,0
DA:68,0
LF:26
LH:24
BRDA:18,0,0,0
BRDA:21,1,0,1
BRDA:38,2,0,2
BRDA:38,2,1,0
BRDA:48,3,0,2
BRDA:48,3,1,0
BRDA:52,4,0,2
BRDA:52,4,1,0
BRF:8
BRH:4
end_of_record
TN:
SF:src/server/bank-transaction/gql-objects/bank-transaction.objects.ts
FN:9,(anonymous_2)
FN:12,(anonymous_3)
FN:15,(anonymous_4)
FN:18,(anonymous_5)
FN:21,(anonymous_6)
FN:24,(anonymous_7)
FN:27,(anonymous_8)
FN:30,(anonymous_9)
FNF:8
FNH:8
FNDA:6,(anonymous_2)
FNDA:6,(anonymous_3)
FNDA:6,(anonymous_4)
FNDA:6,(anonymous_5)
FNDA:6,(anonymous_6)
FNDA:6,(anonymous_7)
FNDA:6,(anonymous_8)
FNDA:6,(anonymous_9)
DA:1,1
DA:3,1
DA:4,1
DA:8,1
DA:9,6
DA:12,6
DA:15,6
DA:18,6
DA:21,6
DA:24,6
DA:27,6
DA:30,6
LF:12
LH:12
BRF:0
BRH:0
end_of_record
TN:
SF:src/server/bank-transaction/models/bank-transaction.model.ts
FN:29,(anonymous_2)
FNF:1
FNH:0
FNDA:0,(anonymous_2)
DA:2,3
DA:14,3
DA:21,3
DA:22,3
DA:29,3
DA:33,3
DA:40,3
DA:47,3
DA:54,3
DA:60,3
DA:66,3
DA:72,3
DA:78,3
LF:13
LH:13
BRF:0
BRH:0
end_of_record
TN:
SF:src/server/bank-transaction/test-data/bank-transaction.factory.ts
FN:6,(anonymous_6)
FN:9,(anonymous_7)
FN:11,(anonymous_8)
FNF:3
FNH:3
FNDA:9,(anonymous_6)
FNDA:9,(anonymous_7)
FNDA:9,(anonymous_8)
DA:1,1
DA:5,1
DA:6,9
DA:9,9
DA:11,9
LF:5
LH:5
BRF:0
BRH:0
end_of_record
TN:
SF:src/server/common/cursor-handler.ts
FN:9,(anonymous_0)
FN:11,(anonymous_1)
FN:13,(anonymous_2)
FN:21,(anonymous_3)
FN:22,(anonymous_4)
FNF:5
FNH:5
FNDA:3,(anonymous_0)
FNDA:1,(anonymous_1)
FNDA:2,(anonymous_2)
FNDA:2,(anonymous_3)
FNDA:4,(anonymous_4)
DA:1,1
DA:8,1
DA:9,3
DA:12,1
DA:13,1
DA:14,2
DA:15,2
DA:16,2
DA:17,2
DA:22,4
LF:10
LH:10
BRDA:15,0,0,0
BRF:1
BRH:0
end_of_record
TN:
SF:src/server/common/list-to-dictionary.ts
FN:1,(anonymous_0)
FN:3,(anonymous_1)
FN:10,(anonymous_2)
FN:12,(anonymous_3)
FNF:4
FNH:3
FNDA:2,(anonymous_0)
FNDA:1,(anonymous_1)
FNDA:2,(anonymous_2)
FNDA:0,(anonymous_3)
DA:1,2
DA:2,2
DA:3,2
DA:4,1
DA:5,1
DA:7,2
DA:10,2
DA:11,2
DA:12,2
DA:13,0
DA:14,0
DA:15,0
DA:16,0
DA:17,0
DA:19,0
DA:21,2
LF:16
LH:10
BRDA:15,0,0,0
BRF:1
BRH:0
end_of_record
TN:
SF:src/server/common/test-db.module.ts
FNF:0
FNH:0
DA:1,5
DA:3,5
LF:2
LH:2
BRF:0
BRH:0
end_of_record
TN:
SF:src/server/common/custom-types/date-only.ts
FN:1,(anonymous_0)
FN:10,(anonymous_1)
FN:20,(anonymous_2)
FN:40,(anonymous_3)
FN:52,(anonymous_4)
FNF:5
FNH:5
FNDA:22,(anonymous_0)
FNDA:11,(anonymous_1)
FNDA:11,(anonymous_2)
FNDA:3,(anonymous_3)
FNDA:11,(anonymous_4)
DA:1,22
DA:3,5
DA:11,11
DA:12,11
DA:13,11
DA:21,11
DA:26,9
DA:27,2
DA:28,1
DA:29,1
DA:30,1
DA:32,0
DA:41,3
DA:43,3
DA:44,3
DA:45,3
DA:46,3
DA:47,3
DA:48,3
DA:49,3
DA:53,11
LF:21
LH:20
BRDA:21,0,0,9
BRDA:21,0,1,2
BRDA:22,1,0,11
BRDA:22,1,1,2
BRDA:22,1,2,10
BRDA:22,1,3,9
BRDA:27,2,0,1
BRDA:27,2,1,1
BRDA:27,3,0,2
BRDA:27,3,1,1
BRDA:27,3,2,1
BRDA:29,4,0,1
BRDA:29,4,1,0
BRF:13
BRH:12
end_of_record
TN:
SF:src/server/common/custom-types/gql-date-only.ts
FN:8,(anonymous_0)
FN:15,(anonymous_1)
FN:22,(anonymous_2)
FNF:3
FNH:1
FNDA:8,(anonymous_0)
FNDA:0,(anonymous_1)
FNDA:0,(anonymous_2)
DA:1,4
DA:3,4
DA:5,4
DA:10,8
DA:11,0
DA:13,8
DA:17,0
DA:18,0
DA:20,0
DA:24,0
DA:25,0
DA:27,0
LF:12
LH:5
BRDA:10,0,0,0
BRDA:17,1,0,0
BRDA:24,2,0,0
BRF:3
BRH:0
end_of_record
TN:
SF:src/server/common/test-graphql/generated.ts
FN:54,(anonymous_1)
FN:62,(anonymous_2)
FNF:2
FNH:2
FNDA:3,(anonymous_1)
FNDA:3,(anonymous_2)
DA:1,3
DA:54,3
DA:55,3
DA:56,3
DA:57,3
DA:58,3
DA:59,3
DA:62,3
DA:63,3
DA:64,3
DA:65,3
DA:138,3
DA:146,3
DA:168,3
DA:176,3
DA:186,3
DA:199,3
LF:17
LH:17
BRDA:54,0,0,3
BRDA:54,0,1,3
BRDA:62,1,0,3
BRDA:62,1,1,3
BRF:4
BRH:4
end_of_record
TN:
SF:src/server/common/test-graphql/get-my-profile.ts
FNF:0
FNH:0
DA:1,1
DA:3,1
LF:2
LH:2
BRF:0
BRH:0
end_of_record
TN:
SF:src/server/common/test-graphql/graph-ql.module.ts
FN:7,(anonymous_0)
FNF:1
FNH:1
FNDA:13,(anonymous_0)
DA:1,4
DA:2,4
DA:4,4
DA:5,4
DA:7,4
DA:8,13
LF:6
LH:6
BRF:0
BRH:0
end_of_record
TN:
SF:src/server/common/test-graphql/login.ts
FNF:0
FNH:0
DA:1,2
DA:3,2
LF:2
LH:2
BRF:0
BRH:0
end_of_record
TN:
SF:src/server/common/test-tools/mock-partial.ts
FN:1,(anonymous_0)
FNF:1
FNH:1
FNDA:6,(anonymous_0)
DA:1,6
LF:1
LH:1
BRF:0
BRH:0
end_of_record
TN:
SF:src/server/core/logger.module.ts
FNF:0
FNH:0
DA:2,1
DA:6,1
LF:2
LH:2
BRF:0
BRH:0
end_of_record
TN:
SF:src/server/core/config/config.test.ts
FN:17,(anonymous_7)
FNF:1
FNH:0
FNDA:0,(anonymous_7)
DA:1,1
DA:2,1
DA:4,1
DA:6,1
DA:16,1
DA:18,0
LF:6
LH:5
BRF:0
BRH:0
end_of_record
TN:
SF:src/server/core/config/config.ts
FN:3,(anonymous_2)
FNF:1
FNH:0
FNDA:0,(anonymous_2)
DA:1,1
DA:3,1
DA:4,1
DA:5,0
DA:7,1
DA:8,0
LF:6
LH:4
BRF:0
BRH:0
end_of_record
TN:
SF:src/server/core/errors/base-error.ts
FN:9,(anonymous_0)
FN:12,(anonymous_1)
FN:27,(anonymous_2)
FN:31,(anonymous_3)
FN:35,(anonymous_4)
FN:46,(anonymous_5)
FN:51,(anonymous_6)
FNF:7
FNH:2
FNDA:0,(anonymous_0)
FNDA:0,(anonymous_1)
FNDA:1,(anonymous_2)
FNDA:0,(anonymous_3)
FNDA:0,(anonymous_4)
FNDA:0,(anonymous_5)
FNDA:1,(anonymous_6)
DA:9,3
DA:10,0
DA:12,3
DA:13,0
DA:14,0
DA:16,0
DA:17,0
DA:24,0
DA:26,3
DA:27,1
DA:28,1
DA:32,0
DA:36,0
DA:47,0
DA:51,3
DA:52,1
DA:53,0
DA:55,1
LF:18
LH:8
BRDA:10,0,0,0
BRDA:10,0,1,0
BRDA:10,0,2,0
BRDA:13,1,0,0
BRDA:16,2,0,0
BRDA:41,3,0,0
BRDA:41,3,1,0
BRDA:52,4,0,0
BRF:8
BRH:0
end_of_record
TN:
SF:src/server/graphs/graphs.module.ts
FNF:0
FNH:0
DA:1,2
DA:2,2
DA:4,2
DA:11,2
DA:12,2
DA:13,2
DA:14,2
DA:15,2
DA:32,2
LF:9
LH:9
BRF:0
BRH:0
end_of_record
TN:
SF:src/server/graphs/gql-objects/graph.object.ts
FN:12,(anonymous_2)
FN:18,(anonymous_3)
FN:31,(anonymous_4)
FN:34,(anonymous_5)
FN:39,(anonymous_6)
FN:48,(anonymous_7)
FN:51,(anonymous_8)
FNF:7
FNH:7
FNDA:8,(anonymous_2)
FNDA:8,(anonymous_3)
FNDA:8,(anonymous_4)
FNDA:8,(anonymous_5)
FNDA:8,(anonymous_6)
FNDA:8,(anonymous_7)
FNDA:8,(anonymous_8)
DA:1,2
DA:2,2
DA:3,2
DA:6,2
DA:11,2
DA:12,8
DA:15,2
DA:18,8
DA:24,2
DA:25,2
DA:30,2
DA:31,8
DA:34,8
DA:37,2
DA:39,8
DA:42,2
DA:45,2
DA:48,8
DA:51,8
LF:19
LH:19
BRF:0
BRH:0
end_of_record
TN:
SF:src/server/graphs/gql-objects/label.object.ts
FNF:0
FNH:0
DA:1,2
DA:4,2
DA:5,2
DA:8,2
DA:11,2
LF:5
LH:5
BRF:0
BRH:0
end_of_record
TN:
SF:src/server/graphs/models/graph.model.ts
FN:7,(anonymous_2)
FN:13,(anonymous_3)
FN:40,(anonymous_4)
FN:58,(anonymous_5)
FN:77,(anonymous_6)
FN:131,(anonymous_7)
FN:139,(anonymous_8)
FN:156,(anonymous_9)
FN:164,(anonymous_10)
FNF:9
FNH:2
FNDA:2,(anonymous_2)
FNDA:2,(anonymous_3)
FNDA:0,(anonymous_4)
FNDA:0,(anonymous_5)
FNDA:0,(anonymous_6)
FNDA:0,(anonymous_7)
FNDA:0,(anonymous_8)
FNDA:0,(anonymous_9)
FNDA:0,(anonymous_10)
DA:2,2
DA:4,2
DA:5,2
DA:7,2
DA:8,2
DA:9,2
DA:10,2
DA:13,2
DA:14,2
DA:15,2
DA:16,2
DA:17,2
DA:18,2
DA:27,2
DA:28,2
DA:35,2
DA:40,0
DA:43,2
DA:48,2
DA:54,2
DA:58,0
DA:61,2
DA:69,2
DA:70,2
DA:77,0
DA:80,2
DA:87,2
DA:98,2
DA:107,2
DA:111,2
DA:122,2
DA:126,2
DA:131,0
DA:134,2
DA:139,0
DA:147,2
DA:151,2
DA:156,0
DA:159,2
DA:164,0
LF:40
LH:33
BRDA:7,0,0,2
BRDA:7,0,1,2
BRDA:13,1,0,2
BRDA:13,1,1,2
BRF:4
BRH:4
end_of_record
TN:
SF:src/server/graphs/models/label.model.ts
FN:24,(anonymous_2)
FN:43,(anonymous_3)
FN:47,(anonymous_4)
FNF:3
FNH:0
FNDA:0,(anonymous_2)
FNDA:0,(anonymous_3)
FNDA:0,(anonymous_4)
DA:2,2
DA:4,2
DA:5,2
DA:11,2
DA:12,2
DA:19,2
DA:24,0
DA:27,2
DA:38,2
DA:42,2
DA:43,0
DA:46,2
DA:47,0
LF:13
LH:10
BRF:0
BRH:0
end_of_record
TN:
SF:src/server/graphs/resolvers/graph.resolver.ts
FN:11,(anonymous_11)
FN:16,(anonymous_12)
FN:15,(anonymous_14)
FNF:3
FNH:3
FNDA:4,(anonymous_11)
FNDA:1,(anonymous_12)
FNDA:8,(anonymous_14)
DA:1,2
DA:2,2
DA:3,2
DA:4,2
DA:5,2
DA:8,2
DA:9,4
DA:11,4
DA:15,8
DA:16,2
DA:17,1
DA:18,1
DA:19,1
LF:13
LH:13
BRF:0
BRH:0
end_of_record
TN:
SF:src/server/graphs/resolvers/label.resolver.ts
FN:9,(anonymous_4)
FN:12,(anonymous_5)
FN:11,(anonymous_6)
FN:7,(anonymous_7)
FNF:4
FNH:4
FNDA:4,(anonymous_4)
FNDA:1,(anonymous_5)
FNDA:8,(anonymous_6)
FNDA:4,(anonymous_7)
DA:1,2
DA:2,2
DA:4,2
DA:5,2
DA:7,4
DA:8,2
DA:9,4
DA:11,8
DA:13,1
LF:9
LH:9
BRF:0
BRH:0
end_of_record
TN:
SF:src/server/graphs/services/graph.service.ts
FN:28,(anonymous_12)
FN:37,(anonymous_13)
FN:38,(anonymous_14)
FN:41,(anonymous_15)
FN:45,(anonymous_16)
FN:49,(anonymous_17)
FN:55,(anonymous_18)
FN:65,(anonymous_19)
FN:74,(anonymous_20)
FN:79,(anonymous_21)
FN:91,(anonymous_23)
FN:93,(anonymous_24)
FN:105,(anonymous_25)
FN:107,(anonymous_26)
FN:113,(anonymous_27)
FN:115,(anonymous_29)
FN:124,(anonymous_30)
FN:125,(anonymous_31)
FN:126,(anonymous_32)
FN:127,(anonymous_33)
FN:129,(anonymous_34)
FNF:21
FNH:7
FNDA:2,(anonymous_12)
FNDA:0,(anonymous_13)
FNDA:0,(anonymous_14)
FNDA:0,(anonymous_15)
FNDA:0,(anonymous_16)
FNDA:0,(anonymous_17)
FNDA:4,(anonymous_18)
FNDA:0,(anonymous_19)
FNDA:0,(anonymous_20)
FNDA:1,(anonymous_21)
FNDA:0,(anonymous_23)
FNDA:0,(anonymous_24)
FNDA:0,(anonymous_25)
FNDA:0,(anonymous_26)
FNDA:1,(anonymous_27)
FNDA:1,(anonymous_29)
FNDA:1,(anonymous_30)
FNDA:0,(anonymous_31)
FNDA:0,(anonymous_32)
FNDA:0,(anonymous_33)
FNDA:1,(anonymous_34)
DA:1,2
DA:2,2
DA:3,2
DA:4,2
DA:5,2
DA:7,2
DA:29,2
DA:38,0
DA:42,0
DA:46,0
DA:47,0
DA:49,0
DA:54,2
DA:56,4
DA:57,4
DA:58,4
DA:60,4
DA:62,4
DA:70,0
DA:74,0
DA:79,1
DA:80,1
DA:81,1
DA:82,1
DA:87,1
DA:89,1
DA:90,0
DA:91,0
DA:93,0
DA:95,1
DA:96,0
DA:97,0
DA:101,0
DA:103,0
DA:104,0
DA:105,0
DA:107,0
DA:110,1
DA:114,1
DA:115,1
DA:117,1
DA:118,1
DA:119,1
DA:120,1
DA:121,1
DA:124,1
DA:125,1
DA:126,1
DA:127,1
DA:129,1
DA:130,1
DA:132,1
DA:133,1
DA:134,0
DA:136,1
DA:137,0
DA:138,0
DA:139,0
DA:142,1
LF:59
LH:38
BRDA:46,0,0,0
BRDA:74,1,0,0
BRDA:74,1,1,0
BRDA:89,2,0,0
BRDA:95,3,0,0
BRDA:103,4,0,0
BRDA:133,5,0,0
BRDA:136,6,0,0
BRDA:138,7,0,0
BRF:9
BRH:0
end_of_record
TN:
SF:src/server/graphs/services/label.service.ts
FN:10,(anonymous_11)
FN:15,(anonymous_12)
FN:19,(anonymous_14)
FN:24,(anonymous_16)
FN:26,(anonymous_18)
FNF:5
FNH:4
FNDA:4,(anonymous_11)
FNDA:3,(anonymous_12)
FNDA:0,(anonymous_14)
FNDA:1,(anonymous_16)
FNDA:2,(anonymous_18)
DA:1,2
DA:2,2
DA:4,2
DA:6,2
DA:9,2
DA:11,4
DA:12,4
DA:16,3
DA:20,0
DA:25,1
DA:26,2
LF:11
LH:10
BRF:0
BRH:0
end_of_record
TN:
SF:src/server/graphs/test-data/graph.factory.ts
FN:6,(anonymous_6)
FN:9,(anonymous_7)
FNF:2
FNH:2
FNDA:1,(anonymous_6)
FNDA:1,(anonymous_7)
DA:1,1
DA:2,1
DA:5,1
DA:6,1
DA:9,1
LF:5
LH:5
BRF:0
BRH:0
end_of_record
TN:
SF:src/server/graphs/test-data/label.factory.ts
FN:6,(anonymous_6)
FN:8,(anonymous_7)
FNF:2
FNH:2
FNDA:3,(anonymous_6)
FNDA:3,(anonymous_7)
DA:1,1
DA:5,1
DA:6,3
DA:8,3
LF:4
LH:4
BRF:0
BRH:0
end_of_record
TN:
SF:src/server/session/db-query.ts
FN:4,(anonymous_0)
FNF:1
FNH:1
FNDA:4,(anonymous_0)
DA:1,3
DA:4,4
LF:2
LH:2
BRF:0
BRH:0
end_of_record
TN:
SF:src/server/session/session.module.ts
FNF:0
FNH:0
DA:1,2
DA:2,2
DA:4,2
DA:5,2
DA:6,2
DA:7,2
DA:8,2
DA:9,2
DA:10,2
DA:11,2
DA:18,2
LF:11
LH:11
BRF:0
BRH:0
end_of_record
TN:
SF:src/server/session/decorators/gql-groups-id.ts
FN:3,(anonymous_0)
FNF:1
FNH:1
FNDA:6,(anonymous_0)
DA:1,4
DA:3,6
LF:2
LH:2
BRF:0
BRH:0
end_of_record
TN:
SF:src/server/session/decorators/groups-id.ts
FN:4,(anonymous_0)
FNF:1
FNH:1
FNDA:1,(anonymous_0)
DA:1,1
DA:3,1
DA:5,1
DA:6,1
LF:4
LH:4
BRF:0
BRH:0
end_of_record
TN:
SF:src/server/session/gql-objects/my-profile.object.ts
FN:5,(anonymous_2)
FN:8,(anonymous_3)
FN:11,(anonymous_4)
FN:14,(anonymous_5)
FNF:4
FNH:4
FNDA:24,(anonymous_2)
FNDA:24,(anonymous_3)
FNDA:24,(anonymous_4)
FNDA:24,(anonymous_5)
DA:1,2
DA:4,2
DA:5,24
DA:8,24
DA:11,24
DA:14,24
LF:6
LH:6
BRF:0
BRH:0
end_of_record
TN:
SF:src/server/session/guard/auth.guard.ts
FN:20,(anonymous_9)
FN:27,(anonymous_10)
FN:29,(anonymous_11)
FN:33,(anonymous_12)
FNF:4
FNH:3
FNDA:6,(anonymous_9)
FNDA:4,(anonymous_10)
FNDA:0,(anonymous_11)
FNDA:12,(anonymous_12)
DA:3,1
DA:4,1
DA:5,1
DA:8,1
DA:10,1
DA:11,1
DA:12,1
DA:15,1
DA:16,6
DA:21,6
DA:22,6
DA:23,6
DA:24,6
DA:26,6
DA:27,6
DA:29,0
DA:34,12
DA:35,12
DA:37,12
DA:38,5
DA:41,7
DA:43,7
DA:44,7
DA:45,7
DA:47,7
DA:48,7
DA:49,7
DA:50,7
DA:52,4
DA:53,4
DA:54,4
DA:55,4
DA:56,4
DA:57,4
DA:58,1
DA:60,3
DA:63,0
DA:65,3
DA:66,3
LF:39
LH:37
BRDA:26,0,0,6
BRDA:26,0,1,0
BRDA:34,1,0,7
BRDA:34,1,1,5
BRDA:34,2,0,12
BRDA:34,2,1,12
BRDA:37,3,0,5
BRDA:37,4,0,12
BRDA:37,4,1,7
BRDA:44,5,0,2
BRDA:45,6,0,3
BRDA:45,7,0,7
BRDA:45,7,1,0
BRDA:45,8,0,7
BRDA:45,8,1,7
BRDA:50,9,0,4
BRDA:53,10,0,4
BRDA:53,11,0,4
BRDA:53,11,1,4
BRDA:53,11,2,4
BRDA:55,12,0,4
BRDA:57,13,0,1
BRDA:57,14,0,4
BRDA:57,14,1,1
BRDA:58,15,0,1
BRDA:58,15,1,0
BRDA:58,16,0,1
BRDA:58,16,1,1
BRF:28
BRH:25
end_of_record
TN:
SF:src/server/session/guard/roles.decorator.ts
FN:3,(anonymous_0)
FN:9,(anonymous_1)
FNF:2
FNH:2
FNDA:2,(anonymous_0)
FNDA:6,(anonymous_1)
DA:1,2
DA:3,2
DA:4,2
DA:5,2
DA:6,2
DA:9,6
LF:6
LH:6
BRDA:3,0,0,2
BRDA:3,0,1,2
BRF:2
BRH:2
end_of_record
TN:
SF:src/server/session/interceptor/auth.interceptor.ts
FN:10,(anonymous_9)
FN:11,(anonymous_10)
FN:15,(anonymous_12)
FN:16,(anonymous_13)
FNF:4
FNH:4
FNDA:6,(anonymous_9)
FNDA:8,(anonymous_10)
FNDA:3,(anonymous_12)
FNDA:5,(anonymous_13)
DA:1,1
DA:3,1
DA:4,1
DA:7,1
DA:8,6
DA:10,6
DA:13,8
DA:14,8
DA:15,3
DA:16,5
DA:19,8
DA:20,8
DA:22,8
DA:23,3
DA:25,8
LF:15
LH:15
BRDA:20,0,0,8
BRDA:20,0,1,8
BRDA:22,1,0,3
BRF:3
BRH:3
end_of_record
TN:
SF:src/server/session/models/group.model.ts
FN:30,(anonymous_2)
FNF:1
FNH:0
FNDA:0,(anonymous_2)
DA:2,5
DA:4,5
DA:12,5
DA:13,5
DA:20,5
DA:26,5
DA:30,0
LF:7
LH:6
BRF:0
BRH:0
end_of_record
TN:
SF:src/server/session/models/session.model.ts
FN:14,(anonymous_2)
FN:19,(anonymous_3)
FNF:2
FNH:2
FNDA:12,(anonymous_2)
FNDA:24,(anonymous_3)
DA:2,2
DA:4,2
DA:9,2
DA:10,2
DA:14,12
DA:19,24
DA:23,2
DA:30,2
LF:8
LH:8
BRF:0
BRH:0
end_of_record
TN:
SF:src/server/session/models/user-group-rel.model.ts
FN:16,(anonymous_2)
FN:24,(anonymous_3)
FNF:2
FNH:0
FNDA:0,(anonymous_2)
FNDA:0,(anonymous_3)
DA:3,2
DA:4,2
DA:5,2
DA:15,2
DA:16,2
DA:24,2
LF:6
LH:6
BRF:0
BRH:0
end_of_record
TN:
SF:src/server/session/models/user.model.ts
FN:25,(anonymous_2)
FNF:1
FNH:0
FNDA:0,(anonymous_2)
DA:2,5
DA:4,5
DA:12,5
DA:13,5
DA:21,5
DA:25,0
DA:28,5
DA:34,5
DA:41,5
DA:48,5
DA:54,5
DA:61,5
DA:68,5
DA:74,5
DA:81,5
DA:88,5
LF:16
LH:15
BRF:0
BRH:0
end_of_record
TN:
SF:src/server/session/resolvers/session.resolver.ts
FN:23,(anonymous_11)
FN:26,(anonymous_12)
FN:44,(anonymous_13)
FN:45,(anonymous_14)
FN:55,(anonymous_15)
FN:56,(anonymous_16)
FN:68,(anonymous_17)
FN:75,(anonymous_18)
FN:88,(anonymous_20)
FN:104,(anonymous_22)
FN:70,(anonymous_24)
FN:86,(anonymous_25)
FN:103,(anonymous_26)
FNF:13
FNH:12
FNDA:12,(anonymous_11)
FNDA:12,(anonymous_12)
FNDA:12,(anonymous_13)
FNDA:7,(anonymous_14)
FNDA:12,(anonymous_15)
FNDA:2,(anonymous_16)
FNDA:12,(anonymous_17)
FNDA:2,(anonymous_18)
FNDA:7,(anonymous_20)
FNDA:0,(anonymous_22)
FNDA:24,(anonymous_24)
FNDA:24,(anonymous_25)
FNDA:24,(anonymous_26)
DA:1,2
DA:2,2
DA:15,2
DA:16,2
DA:17,2
DA:18,2
DA:19,2
DA:22,2
DA:23,12
DA:26,12
DA:31,2
DA:32,2
DA:37,2
DA:38,2
DA:42,2
DA:44,12
DA:46,7
DA:47,6
DA:49,1
DA:53,2
DA:55,12
DA:57,2
DA:58,1
DA:60,1
DA:65,2
DA:66,12
DA:68,12
DA:70,24
DA:75,2
DA:77,2
DA:78,2
DA:79,2
DA:80,1
DA:81,1
DA:83,1
DA:86,24
DA:88,2
DA:89,7
DA:90,7
DA:91,7
DA:92,7
DA:93,6
DA:94,6
DA:95,6
DA:96,6
DA:98,1
DA:103,24
DA:104,2
DA:105,0
DA:106,0
DA:107,0
DA:108,0
LF:52
LH:48
BRDA:46,0,0,6
BRDA:46,1,0,7
BRDA:46,1,1,5
BRDA:57,2,0,1
BRDA:79,3,0,1
BRDA:79,4,0,2
BRDA:79,4,1,1
BRDA:92,5,0,6
BRDA:106,6,0,0
BRDA:106,6,1,0
BRF:10
BRH:8
end_of_record
TN:
SF:src/server/session/services/password.service.ts
FN:6,(anonymous_9)
FN:9,(anonymous_10)
FN:14,(anonymous_12)
FN:19,(anonymous_14)
FN:24,(anonymous_16)
FN:25,(anonymous_17)
FNF:6
FNH:3
FNDA:12,(anonymous_9)
FNDA:6,(anonymous_10)
FNDA:14,(anonymous_12)
FNDA:0,(anonymous_14)
FNDA:0,(anonymous_16)
FNDA:0,(anonymous_17)
DA:1,2
DA:2,2
DA:3,2
DA:6,2
DA:7,12
DA:10,6
DA:11,6
DA:15,14
DA:20,0
DA:21,0
DA:22,0
DA:23,0
DA:24,0
DA:25,0
DA:26,0
DA:27,0
DA:29,0
DA:33,0
DA:34,0
DA:36,0
LF:20
LH:8
BRDA:21,0,0,0
BRDA:21,0,1,0
BRDA:21,1,0,0
BRDA:21,1,1,0
BRDA:23,2,0,0
BRDA:26,3,0,0
BRDA:26,3,1,0
BRF:7
BRH:0
end_of_record
TN:
SF:src/server/session/services/session.service.ts
FN:13,(anonymous_12)
FN:18,(anonymous_13)
FN:33,(anonymous_15)
FN:45,(anonymous_17)
FNF:4
FNH:3
FNDA:12,(anonymous_12)
FNDA:6,(anonymous_13)
FNDA:7,(anonymous_15)
FNDA:0,(anonymous_17)
DA:1,2
DA:2,2
DA:3,2
DA:6,2
DA:7,2
DA:10,2
DA:11,12
DA:14,12
DA:15,12
DA:19,6
DA:23,6
DA:30,6
DA:35,7
DA:36,7
DA:41,4
DA:46,0
LF:16
LH:15
BRDA:36,0,0,4
BRF:1
BRH:1
end_of_record
TN:
SF:src/server/session/services/user-profile.service.ts
FN:25,(anonymous_11)
FN:32,(anonymous_12)
FN:39,(anonymous_14)
FN:48,(anonymous_16)
FN:54,(anonymous_18)
FN:54,(anonymous_19)
FN:74,(anonymous_20)
FN:83,(anonymous_22)
FN:88,(anonymous_24)
FN:109,(anonymous_26)
FN:123,(anonymous_28)
FN:125,(anonymous_30)
FNF:12
FNH:9
FNDA:12,(anonymous_11)
FNDA:5,(anonymous_12)
FNDA:0,(anonymous_14)
FNDA:7,(anonymous_16)
FNDA:6,(anonymous_18)
FNDA:6,(anonymous_19)
FNDA:0,(anonymous_20)
FNDA:0,(anonymous_22)
FNDA:14,(anonymous_24)
FNDA:16,(anonymous_26)
FNDA:3,(anonymous_28)
FNDA:5,(anonymous_30)
DA:1,2
DA:2,2
DA:3,2
DA:5,2
DA:6,2
DA:7,2
DA:8,2
DA:10,2
DA:12,2
DA:22,2
DA:23,12
DA:26,12
DA:27,12
DA:28,12
DA:29,12
DA:33,5
DA:34,5
DA:36,5
DA:40,0
DA:41,0
DA:42,0
DA:43,0
DA:45,0
DA:49,7
DA:50,7
DA:54,7
DA:55,6
DA:56,6
DA:57,6
DA:58,0
DA:60,0
DA:61,0
DA:62,0
DA:65,6
DA:68,6
DA:69,6
DA:71,7
DA:75,0
DA:76,0
DA:77,0
DA:78,0
DA:80,0
DA:84,0
DA:85,0
DA:93,14
DA:94,14
DA:95,14
DA:102,14
DA:103,14
DA:104,14
DA:105,14
DA:106,14
DA:110,16
DA:115,16
DA:120,16
DA:124,3
DA:125,5
LF:57
LH:41
BRDA:36,0,0,5
BRDA:36,0,1,0
BRDA:36,1,0,5
BRDA:36,1,1,5
BRDA:42,2,0,0
BRDA:56,3,0,6
BRDA:57,4,0,0
BRDA:57,4,1,6
BRDA:61,5,0,0
BRDA:76,6,0,0
BRDA:76,7,0,0
BRDA:76,7,1,0
BRDA:91,8,0,2
BRF:13
BRH:6
end_of_record
